[ 2017-12-14T16:47:11+08:00 ] ::1 /ksqc/
INFO: [ app_init ] --START--
INFO: Run Behavior\BuildLiteBehavior [ RunTime:0.001000s ]
INFO: [ app_init ] --END-- [ RunTime:0.007000s ]
INFO: [ app_begin ] --START--
INFO: Run Behavior\ReadHtmlCacheBehavior [ RunTime:0.005000s ]
INFO: [ app_begin ] --END-- [ RunTime:0.011000s ]
INFO: [ view_parse ] --START--
INFO: [ template_filter ] --START--
INFO: Run Behavior\ContentReplaceBehavior [ RunTime:0.002000s ]
INFO: [ template_filter ] --END-- [ RunTime:0.008000s ]
INFO: Run Behavior\ParseTemplateBehavior [ RunTime:0.073004s ]
INFO: [ view_parse ] --END-- [ RunTime:0.078004s ]
INFO: [ view_filter ] --START--
INFO: Run Behavior\WriteHtmlCacheBehavior [ RunTime:0.004001s ]
INFO: [ view_filter ] --END-- [ RunTime:0.009001s ]
INFO: [ app_end ] --START--
INFO: Run Behavior\ShowPageTraceBehavior [ RunTime:0.005001s ]
INFO: [ app_end ] --END-- [ RunTime:0.009001s ]

[ 2017-12-14T16:56:41+08:00 ] ::1 /ksqc/
INFO: [ app_init ] --START--
INFO: Run Behavior\BuildLiteBehavior [ RunTime:0.001000s ]
INFO: [ app_init ] --END-- [ RunTime:0.006000s ]
INFO: [ app_begin ] --START--
INFO: Run Behavior\ReadHtmlCacheBehavior [ RunTime:0.004000s ]
INFO: [ app_begin ] --END-- [ RunTime:0.009000s ]
ERR: 模板不存在:./Application/Home/View/Index/index.html

[ 2017-12-14T16:56:49+08:00 ] ::1 /ksqc/
INFO: [ app_init ] --START--
INFO: Run Behavior\BuildLiteBehavior [ RunTime:0.001000s ]
INFO: [ app_init ] --END-- [ RunTime:0.006000s ]
INFO: [ app_begin ] --START--
INFO: Run Behavior\ReadHtmlCacheBehavior [ RunTime:0.004001s ]
INFO: [ app_begin ] --END-- [ RunTime:0.010001s ]
INFO: [ app_end ] --START--
INFO: Run Behavior\ShowPageTraceBehavior [ RunTime:0.005000s ]
INFO: [ app_end ] --END-- [ RunTime:0.010001s ]

[ 2017-12-14T16:57:01+08:00 ] ::1 /ksqc/
INFO: [ app_init ] --START--
INFO: Run Behavior\BuildLiteBehavior [ RunTime:0.001000s ]
INFO: [ app_init ] --END-- [ RunTime:0.007001s ]
INFO: [ app_begin ] --START--
INFO: Run Behavior\ReadHtmlCacheBehavior [ RunTime:0.004000s ]
INFO: [ app_begin ] --END-- [ RunTime:0.010001s ]

[ 2017-12-14T16:58:30+08:00 ] ::1 /ksqc/
INFO: [ app_init ] --START--
INFO: Run Behavior\BuildLiteBehavior [ RunTime:0.001000s ]
INFO: [ app_init ] --END-- [ RunTime:0.007000s ]
INFO: [ app_begin ] --START--
INFO: Run Behavior\ReadHtmlCacheBehavior [ RunTime:0.005001s ]
INFO: [ app_begin ] --END-- [ RunTime:0.010001s ]

[ 2017-12-14T16:59:40+08:00 ] ::1 /ksqc/
INFO: [ app_init ] --START--
INFO: Run Behavior\BuildLiteBehavior [ RunTime:0.001000s ]
INFO: [ app_init ] --END-- [ RunTime:0.007001s ]
INFO: [ app_begin ] --START--
INFO: Run Behavior\ReadHtmlCacheBehavior [ RunTime:0.004000s ]
INFO: [ app_begin ] --END-- [ RunTime:0.016001s ]

[ 2017-12-14T17:00:30+08:00 ] ::1 /ksqc/
INFO: [ app_init ] --START--
INFO: Run Behavior\BuildLiteBehavior [ RunTime:0.001000s ]
INFO: [ app_init ] --END-- [ RunTime:0.010001s ]
INFO: [ app_begin ] --START--
INFO: Run Behavior\ReadHtmlCacheBehavior [ RunTime:0.007000s ]
INFO: [ app_begin ] --END-- [ RunTime:0.013000s ]

[ 2017-12-14T17:01:05+08:00 ] ::1 /ksqc/
INFO: [ app_init ] --START--
INFO: Run Behavior\BuildLiteBehavior [ RunTime:0.001000s ]
INFO: [ app_init ] --END-- [ RunTime:0.009000s ]
INFO: [ app_begin ] --START--
INFO: Run Behavior\ReadHtmlCacheBehavior [ RunTime:0.004001s ]
INFO: [ app_begin ] --END-- [ RunTime:0.011001s ]
INFO: [ view_parse ] --START--
INFO: [ template_filter ] --START--
INFO: Run Behavior\ContentReplaceBehavior [ RunTime:0.003000s ]
INFO: [ template_filter ] --END-- [ RunTime:0.008001s ]
INFO: Run Behavior\ParseTemplateBehavior [ RunTime:0.072004s ]
INFO: [ view_parse ] --END-- [ RunTime:0.081004s ]
INFO: [ view_filter ] --START--
INFO: Run Behavior\WriteHtmlCacheBehavior [ RunTime:0.004000s ]
INFO: [ view_filter ] --END-- [ RunTime:0.010000s ]
INFO: [ app_end ] --START--
INFO: Run Behavior\ShowPageTraceBehavior [ RunTime:0.004000s ]
INFO: [ app_end ] --END-- [ RunTime:0.010000s ]

[ 2017-12-14T17:04:38+08:00 ] ::1 /ksqc/
INFO: [ app_init ] --START--
INFO: Run Behavior\BuildLiteBehavior [ RunTime:0.001001s ]
INFO: [ app_init ] --END-- [ RunTime:0.008001s ]
INFO: [ app_begin ] --START--
INFO: Run Behavior\ReadHtmlCacheBehavior [ RunTime:0.004001s ]
INFO: [ app_begin ] --END-- [ RunTime:0.009001s ]

[ 2017-12-14T17:04:38+08:00 ] ::1 /ksqc/index.php/Home/Login/login.html
INFO: [ app_init ] --START--
INFO: Run Behavior\BuildLiteBehavior [ RunTime:0.001001s ]
INFO: [ app_init ] --END-- [ RunTime:0.007001s ]
INFO: [ app_begin ] --START--
INFO: Run Behavior\ReadHtmlCacheBehavior [ RunTime:0.004000s ]
INFO: [ app_begin ] --END-- [ RunTime:0.010001s ]
ERR: 模板不存在:./Application/Home/View/Login/login.html

[ 2017-12-14T17:05:28+08:00 ] ::1 /ksqc/index.php/Home/Login/login.html
INFO: [ app_init ] --START--
INFO: Run Behavior\BuildLiteBehavior [ RunTime:0.001001s ]
INFO: [ app_init ] --END-- [ RunTime:0.008001s ]
INFO: [ app_begin ] --START--
INFO: Run Behavior\ReadHtmlCacheBehavior [ RunTime:0.004000s ]
INFO: [ app_begin ] --END-- [ RunTime:0.009001s ]
INFO: [ view_parse ] --START--
INFO: [ template_filter ] --START--
INFO: Run Behavior\ContentReplaceBehavior [ RunTime:0.004000s ]
INFO: [ template_filter ] --END-- [ RunTime:0.009000s ]
INFO: Run Behavior\ParseTemplateBehavior [ RunTime:0.063004s ]
INFO: [ view_parse ] --END-- [ RunTime:0.069004s ]
INFO: [ view_filter ] --START--
INFO: Run Behavior\WriteHtmlCacheBehavior [ RunTime:0.004001s ]
INFO: [ view_filter ] --END-- [ RunTime:0.008001s ]
INFO: [ app_end ] --START--
INFO: Run Behavior\ShowPageTraceBehavior [ RunTime:0.004001s ]
INFO: [ app_end ] --END-- [ RunTime:0.009001s ]

