[ 2018-01-13T09:31:56+08:00 ] ::1 /ksqc/index.php/Home/Index/farm.html
INFO: [ app_init ] --START--
INFO: Run Behavior\BuildLiteBehavior [ RunTime:0.001000s ]
INFO: [ app_init ] --END-- [ RunTime:0.010001s ]
INFO: [ app_begin ] --START--
INFO: Run Behavior\ReadHtmlCacheBehavior [ RunTime:0.005000s ]
INFO: [ app_begin ] --END-- [ RunTime:0.012001s ]
NOTIC: [2] Missing argument 1 for tool(), called in D:\phpStudy\WWW\ksqc\Application\Home\Controller\IndexController.class.php on line 14 and defined D:\phpStudy\WWW\ksqc\Application\Common\Common\function.php 第 155 行.
SQL: SHOW COLUMNS FROM `nb_user` [ RunTime:0.0120s ]
SQL: SELECT * FROM `nb_user` WHERE `id` = 3 LIMIT 1   [ RunTime:0.0030s ]
SQL: SHOW COLUMNS FROM `nb_store` [ RunTime:0.0120s ]
SQL: SELECT * FROM `nb_store` WHERE `uid` = 3 LIMIT 1   [ RunTime:0.0030s ]
SQL: SHOW COLUMNS FROM `nb_baoxiang` [ RunTime:0.0100s ]
SQL: SELECT * FROM `nb_user` WHERE `parent_id` = 3  [ RunTime:0.0030s ]
SQL: SHOW COLUMNS FROM `nb_miner_log` [ RunTime:0.0110s ]
SQL: SELECT * FROM `nb_miner_log` WHERE `uid` = 3  [ RunTime:0.0050s ]
SQL: SHOW COLUMNS FROM `nb_money_log` [ RunTime:0.0100s ]
SQL: SELECT * FROM `nb_money_log` WHERE `uid` = 3  [ RunTime:0.0020s ]
SQL: SHOW COLUMNS FROM `nb_diamonds_log` [ RunTime:0.0090s ]
SQL: SELECT * FROM `nb_diamonds_log` WHERE `uid` = 3  [ RunTime:0.0030s ]
SQL: SHOW COLUMNS FROM `nb_tools` [ RunTime:0.0130s ]
SQL: SELECT * FROM `nb_tools` WHERE `uid` = 3  [ RunTime:0.0060s ]
SQL: SHOW COLUMNS FROM `nb_miner_money_log` [ RunTime:0.0110s ]
SQL: SELECT * FROM `nb_miner_money_log` WHERE `uid` = 3  [ RunTime:0.0020s ]
SQL: SHOW COLUMNS FROM `nb_money_miner_log` [ RunTime:0.0080s ]
SQL: SELECT * FROM `nb_money_miner_log` WHERE `uid` = 3  [ RunTime:0.0020s ]
SQL: SELECT COUNT(*) AS tp_count FROM `nb_baoxiang` WHERE `uid` = 3 AND `status` = 0 LIMIT 1   [ RunTime:0.0030s ]
SQL: SELECT * FROM `nb_baoxiang` WHERE `uid` = 3 AND `status` = 1  [ RunTime:0.0020s ]
SQL: SHOW COLUMNS FROM `nb_coal_layer` [ RunTime:0.0130s ]
SQL: SELECT COUNT(*) AS tp_count FROM `nb_coal_layer` WHERE `uid` = 3 AND `is_open` = 1 LIMIT 1   [ RunTime:0.0030s ]
SQL: SELECT * FROM `nb_tools` WHERE `uid` = 3 AND `area` = 'coal_layer' AND `layer_id` = 1 AND `is_get` = 0 ORDER BY `is_default` desc,`end_time` asc  [ RunTime:0.0020s ]
SQL: SELECT * FROM `nb_tools` WHERE `uid` = 3 AND `area` = 'coal_layer' AND `layer_id` = 2 AND `is_get` = 0 ORDER BY `is_default` desc,`end_time` asc  [ RunTime:0.0020s ]
SQL: SELECT * FROM `nb_tools` WHERE `uid` = 3 AND `area` = 'coal_layer' AND `layer_id` = 3 AND `is_get` = 0 ORDER BY `is_default` desc,`end_time` asc  [ RunTime:0.0020s ]
SQL: SELECT * FROM `nb_tools` WHERE `uid` = 3 AND `area` = 'coal_layer' AND `layer_id` = 4 AND `is_get` = 0 ORDER BY `is_default` desc,`end_time` asc  [ RunTime:0.0030s ]
SQL: SELECT * FROM `nb_tools` WHERE `uid` = 3 AND `area` = 'coal_layer' AND `layer_id` = 5 AND `is_get` = 0 ORDER BY `is_default` desc,`end_time` asc  [ RunTime:0.0020s ]
SQL: SELECT * FROM `nb_tools` WHERE `uid` = 3 AND `area` = 'coal_layer' AND `layer_id` = 6 AND `is_get` = 0 ORDER BY `is_default` desc,`end_time` asc  [ RunTime:0.0040s ]
SQL: SELECT * FROM `nb_tools` WHERE `uid` = 3 AND `area` = 'coal_layer' AND `layer_id` = 7 AND `is_get` = 0 ORDER BY `is_default` desc,`end_time` asc  [ RunTime:0.0030s ]
SQL: SELECT * FROM `nb_tools` WHERE `uid` = 3 AND `area` = 'coal_layer' AND `layer_id` = 8 AND `is_get` = 0 ORDER BY `is_default` desc,`end_time` asc  [ RunTime:0.0040s ]
SQL: SELECT * FROM `nb_tools` WHERE `uid` = 3 AND `area` = 'coal_layer' AND `layer_id` = 9 AND `is_get` = 0 ORDER BY `is_default` desc,`end_time` asc  [ RunTime:0.0030s ]
SQL: SELECT * FROM `nb_tools` WHERE `uid` = 3 AND `area` = 'coal_layer' AND `layer_id` = 10 AND `is_get` = 0 ORDER BY `is_default` desc,`end_time` asc  [ RunTime:0.0030s ]
SQL: SELECT * FROM `nb_tools` WHERE `uid` = 3 AND `area` = 'coal_layer' AND `layer_id` = 11 AND `is_get` = 0 ORDER BY `is_default` desc,`end_time` asc  [ RunTime:0.0040s ]
SQL: SELECT * FROM `nb_tools` WHERE `uid` = 3 AND `area` = 'coal_layer' AND `layer_id` = 12 AND `is_get` = 0 ORDER BY `is_default` desc,`end_time` asc  [ RunTime:0.0020s ]
SQL: SELECT user.mobile,store.today_get_miner_gold FROM nb_user user INNER JOIN nb_store as store ON user.id = store.uid  WHERE ( user.mobile <> "" ) ORDER BY store.today_get_miner_gold desc LIMIT 20   [ RunTime:0.0020s ]
SQL: SELECT COUNT(*) AS tp_count FROM nb_user user INNER JOIN nb_store as store ON user.id = store.uid  WHERE user.mobile <> '' AND store.today_get_miner_gold > '90505' ORDER BY store.today_get_miner_gold desc LIMIT 1   [ RunTime:0.0020s ]
SQL: SELECT * FROM `nb_user` WHERE `id` >= '3'  [ RunTime:0.0020s ]
NOTIC: [2] Invalid argument supplied for foreach() D:\phpStudy\WWW\ksqc\Application\Home\Controller\IndexController.class.php 第 128 行.
NOTIC: [2] Invalid argument supplied for foreach() D:\phpStudy\WWW\ksqc\Application\Home\Controller\IndexController.class.php 第 128 行.
NOTIC: [2] Invalid argument supplied for foreach() D:\phpStudy\WWW\ksqc\Application\Home\Controller\IndexController.class.php 第 128 行.
NOTIC: [2] Invalid argument supplied for foreach() D:\phpStudy\WWW\ksqc\Application\Home\Controller\IndexController.class.php 第 128 行.
NOTIC: [2] Invalid argument supplied for foreach() D:\phpStudy\WWW\ksqc\Application\Home\Controller\IndexController.class.php 第 128 行.
NOTIC: [2] Invalid argument supplied for foreach() D:\phpStudy\WWW\ksqc\Application\Home\Controller\IndexController.class.php 第 128 行.
NOTIC: [2] Invalid argument supplied for foreach() D:\phpStudy\WWW\ksqc\Application\Home\Controller\IndexController.class.php 第 128 行.
NOTIC: [2] Invalid argument supplied for foreach() D:\phpStudy\WWW\ksqc\Application\Home\Controller\IndexController.class.php 第 128 行.
NOTIC: [2] Invalid argument supplied for foreach() D:\phpStudy\WWW\ksqc\Application\Home\Controller\IndexController.class.php 第 128 行.
NOTIC: [2] Invalid argument supplied for foreach() D:\phpStudy\WWW\ksqc\Application\Home\Controller\IndexController.class.php 第 128 行.
NOTIC: [2] Invalid argument supplied for foreach() D:\phpStudy\WWW\ksqc\Application\Home\Controller\IndexController.class.php 第 128 行.
NOTIC: [2] Invalid argument supplied for foreach() D:\phpStudy\WWW\ksqc\Application\Home\Controller\IndexController.class.php 第 128 行.
NOTIC: [2] Invalid argument supplied for foreach() D:\phpStudy\WWW\ksqc\Application\Home\Controller\IndexController.class.php 第 128 行.
NOTIC: [2] Invalid argument supplied for foreach() D:\phpStudy\WWW\ksqc\Application\Home\Controller\IndexController.class.php 第 128 行.
NOTIC: [2] Invalid argument supplied for foreach() D:\phpStudy\WWW\ksqc\Application\Home\Controller\IndexController.class.php 第 128 行.
NOTIC: [2] Invalid argument supplied for foreach() D:\phpStudy\WWW\ksqc\Application\Home\Controller\IndexController.class.php 第 128 行.
NOTIC: [2] Invalid argument supplied for foreach() D:\phpStudy\WWW\ksqc\Application\Home\Controller\IndexController.class.php 第 128 行.
NOTIC: [2] Invalid argument supplied for foreach() D:\phpStudy\WWW\ksqc\Application\Home\Controller\IndexController.class.php 第 128 行.
NOTIC: [2] Invalid argument supplied for foreach() D:\phpStudy\WWW\ksqc\Application\Home\Controller\IndexController.class.php 第 128 行.
NOTIC: [2] Invalid argument supplied for foreach() D:\phpStudy\WWW\ksqc\Application\Home\Controller\IndexController.class.php 第 128 行.
NOTIC: [2] Invalid argument supplied for foreach() D:\phpStudy\WWW\ksqc\Application\Home\Controller\IndexController.class.php 第 128 行.
NOTIC: [2] Invalid argument supplied for foreach() D:\phpStudy\WWW\ksqc\Application\Home\Controller\IndexController.class.php 第 128 行.
NOTIC: [2] Invalid argument supplied for foreach() D:\phpStudy\WWW\ksqc\Application\Home\Controller\IndexController.class.php 第 128 行.
NOTIC: [2] Invalid argument supplied for foreach() D:\phpStudy\WWW\ksqc\Application\Home\Controller\IndexController.class.php 第 128 行.
NOTIC: [2] Invalid argument supplied for foreach() D:\phpStudy\WWW\ksqc\Application\Home\Controller\IndexController.class.php 第 128 行.
NOTIC: [2] Invalid argument supplied for foreach() D:\phpStudy\WWW\ksqc\Application\Home\Controller\IndexController.class.php 第 128 行.
INFO: [ view_parse ] --START--
INFO: [ template_filter ] --START--
INFO: Run Behavior\ContentReplaceBehavior [ RunTime:0.006000s ]
INFO: [ template_filter ] --END-- [ RunTime:0.014000s ]
INFO: Run Behavior\ParseTemplateBehavior [ RunTime:1.751100s ]
INFO: [ view_parse ] --END-- [ RunTime:1.758100s ]
INFO: [ view_filter ] --START--
INFO: Run Behavior\WriteHtmlCacheBehavior [ RunTime:0.005000s ]
INFO: [ view_filter ] --END-- [ RunTime:0.011000s ]
INFO: [ app_end ] --START--
INFO: Run Behavior\ShowPageTraceBehavior [ RunTime:0.005000s ]
INFO: [ app_end ] --END-- [ RunTime:0.013001s ]

[ 2018-01-13T09:34:03+08:00 ] ::1 /ksqc/index.php/Home/Index/farm.html
INFO: [ app_init ] --START--
INFO: Run Behavior\BuildLiteBehavior [ RunTime:0.001000s ]
INFO: [ app_init ] --END-- [ RunTime:0.009000s ]
INFO: [ app_begin ] --START--
INFO: Run Behavior\ReadHtmlCacheBehavior [ RunTime:0.005000s ]
INFO: [ app_begin ] --END-- [ RunTime:0.012001s ]
NOTIC: [2] Missing argument 1 for tool(), called in D:\phpStudy\WWW\ksqc\Application\Home\Controller\IndexController.class.php on line 14 and defined D:\phpStudy\WWW\ksqc\Application\Common\Common\function.php 第 155 行.
SQL: SHOW COLUMNS FROM `nb_user` [ RunTime:0.0090s ]
SQL: SELECT * FROM `nb_user` WHERE `id` = 3 LIMIT 1   [ RunTime:0.0030s ]
SQL: SHOW COLUMNS FROM `nb_store` [ RunTime:0.0090s ]
SQL: SELECT * FROM `nb_store` WHERE `uid` = 3 LIMIT 1   [ RunTime:0.0020s ]
SQL: SHOW COLUMNS FROM `nb_baoxiang` [ RunTime:0.0070s ]
SQL: SELECT * FROM `nb_user` WHERE `parent_id` = 3  [ RunTime:0.0040s ]
SQL: SHOW COLUMNS FROM `nb_miner_log` [ RunTime:0.0090s ]
SQL: SELECT * FROM `nb_miner_log` WHERE `uid` = 3  [ RunTime:0.0020s ]
SQL: SHOW COLUMNS FROM `nb_money_log` [ RunTime:0.0090s ]
SQL: SELECT * FROM `nb_money_log` WHERE `uid` = 3  [ RunTime:0.0010s ]
SQL: SHOW COLUMNS FROM `nb_diamonds_log` [ RunTime:0.0070s ]
SQL: SELECT * FROM `nb_diamonds_log` WHERE `uid` = 3  [ RunTime:0.0030s ]
SQL: SHOW COLUMNS FROM `nb_tools` [ RunTime:0.0070s ]
SQL: SELECT * FROM `nb_tools` WHERE `uid` = 3  [ RunTime:0.0030s ]
SQL: SHOW COLUMNS FROM `nb_miner_money_log` [ RunTime:0.0090s ]
SQL: SELECT * FROM `nb_miner_money_log` WHERE `uid` = 3  [ RunTime:0.0020s ]
SQL: SHOW COLUMNS FROM `nb_money_miner_log` [ RunTime:0.0070s ]
SQL: SELECT * FROM `nb_money_miner_log` WHERE `uid` = 3  [ RunTime:0.0020s ]
SQL: SELECT COUNT(*) AS tp_count FROM `nb_baoxiang` WHERE `uid` = 3 AND `status` = 0 LIMIT 1   [ RunTime:0.0020s ]
SQL: SELECT * FROM `nb_baoxiang` WHERE `uid` = 3 AND `status` = 1  [ RunTime:0.0020s ]
SQL: SHOW COLUMNS FROM `nb_coal_layer` [ RunTime:0.0070s ]
SQL: SELECT COUNT(*) AS tp_count FROM `nb_coal_layer` WHERE `uid` = 3 AND `is_open` = 1 LIMIT 1   [ RunTime:0.0020s ]
SQL: SELECT * FROM `nb_tools` WHERE `uid` = 3 AND `area` = 'coal_layer' AND `layer_id` = 1 AND `is_get` = 0 ORDER BY `is_default` desc,`end_time` asc  [ RunTime:0.0020s ]
SQL: SELECT * FROM `nb_tools` WHERE `uid` = 3 AND `area` = 'coal_layer' AND `layer_id` = 2 AND `is_get` = 0 ORDER BY `is_default` desc,`end_time` asc  [ RunTime:0.0020s ]
SQL: SELECT * FROM `nb_tools` WHERE `uid` = 3 AND `area` = 'coal_layer' AND `layer_id` = 3 AND `is_get` = 0 ORDER BY `is_default` desc,`end_time` asc  [ RunTime:0.0020s ]
SQL: SELECT * FROM `nb_tools` WHERE `uid` = 3 AND `area` = 'coal_layer' AND `layer_id` = 4 AND `is_get` = 0 ORDER BY `is_default` desc,`end_time` asc  [ RunTime:0.0020s ]
SQL: SELECT * FROM `nb_tools` WHERE `uid` = 3 AND `area` = 'coal_layer' AND `layer_id` = 5 AND `is_get` = 0 ORDER BY `is_default` desc,`end_time` asc  [ RunTime:0.0020s ]
SQL: SELECT * FROM `nb_tools` WHERE `uid` = 3 AND `area` = 'coal_layer' AND `layer_id` = 6 AND `is_get` = 0 ORDER BY `is_default` desc,`end_time` asc  [ RunTime:0.0030s ]
SQL: SELECT * FROM `nb_tools` WHERE `uid` = 3 AND `area` = 'coal_layer' AND `layer_id` = 7 AND `is_get` = 0 ORDER BY `is_default` desc,`end_time` asc  [ RunTime:0.0050s ]
SQL: SELECT * FROM `nb_tools` WHERE `uid` = 3 AND `area` = 'coal_layer' AND `layer_id` = 8 AND `is_get` = 0 ORDER BY `is_default` desc,`end_time` asc  [ RunTime:0.0030s ]
SQL: SELECT * FROM `nb_tools` WHERE `uid` = 3 AND `area` = 'coal_layer' AND `layer_id` = 9 AND `is_get` = 0 ORDER BY `is_default` desc,`end_time` asc  [ RunTime:0.0020s ]
SQL: SELECT * FROM `nb_tools` WHERE `uid` = 3 AND `area` = 'coal_layer' AND `layer_id` = 10 AND `is_get` = 0 ORDER BY `is_default` desc,`end_time` asc  [ RunTime:0.0020s ]
SQL: SELECT * FROM `nb_tools` WHERE `uid` = 3 AND `area` = 'coal_layer' AND `layer_id` = 11 AND `is_get` = 0 ORDER BY `is_default` desc,`end_time` asc  [ RunTime:0.0030s ]
SQL: SELECT * FROM `nb_tools` WHERE `uid` = 3 AND `area` = 'coal_layer' AND `layer_id` = 12 AND `is_get` = 0 ORDER BY `is_default` desc,`end_time` asc  [ RunTime:0.0020s ]
SQL: SELECT user.mobile,store.today_get_miner_gold FROM nb_user user INNER JOIN nb_store as store ON user.id = store.uid  WHERE ( user.mobile <> "" ) ORDER BY store.today_get_miner_gold desc LIMIT 20   [ RunTime:0.0030s ]
SQL: SELECT COUNT(*) AS tp_count FROM nb_user user INNER JOIN nb_store as store ON user.id = store.uid  WHERE user.mobile <> '' AND store.today_get_miner_gold > '90505' ORDER BY store.today_get_miner_gold desc LIMIT 1   [ RunTime:0.0020s ]
SQL: SELECT * FROM `nb_user` WHERE `id` >= '3'  [ RunTime:0.0030s ]
NOTIC: [2] Invalid argument supplied for foreach() D:\phpStudy\WWW\ksqc\Application\Home\Controller\IndexController.class.php 第 128 行.
NOTIC: [2] Invalid argument supplied for foreach() D:\phpStudy\WWW\ksqc\Application\Home\Controller\IndexController.class.php 第 128 行.
NOTIC: [2] Invalid argument supplied for foreach() D:\phpStudy\WWW\ksqc\Application\Home\Controller\IndexController.class.php 第 128 行.
NOTIC: [2] Invalid argument supplied for foreach() D:\phpStudy\WWW\ksqc\Application\Home\Controller\IndexController.class.php 第 128 行.
NOTIC: [2] Invalid argument supplied for foreach() D:\phpStudy\WWW\ksqc\Application\Home\Controller\IndexController.class.php 第 128 行.
NOTIC: [2] Invalid argument supplied for foreach() D:\phpStudy\WWW\ksqc\Application\Home\Controller\IndexController.class.php 第 128 行.
NOTIC: [2] Invalid argument supplied for foreach() D:\phpStudy\WWW\ksqc\Application\Home\Controller\IndexController.class.php 第 128 行.
NOTIC: [2] Invalid argument supplied for foreach() D:\phpStudy\WWW\ksqc\Application\Home\Controller\IndexController.class.php 第 128 行.
NOTIC: [2] Invalid argument supplied for foreach() D:\phpStudy\WWW\ksqc\Application\Home\Controller\IndexController.class.php 第 128 行.
NOTIC: [2] Invalid argument supplied for foreach() D:\phpStudy\WWW\ksqc\Application\Home\Controller\IndexController.class.php 第 128 行.
NOTIC: [2] Invalid argument supplied for foreach() D:\phpStudy\WWW\ksqc\Application\Home\Controller\IndexController.class.php 第 128 行.
NOTIC: [2] Invalid argument supplied for foreach() D:\phpStudy\WWW\ksqc\Application\Home\Controller\IndexController.class.php 第 128 行.
NOTIC: [2] Invalid argument supplied for foreach() D:\phpStudy\WWW\ksqc\Application\Home\Controller\IndexController.class.php 第 128 行.
NOTIC: [2] Invalid argument supplied for foreach() D:\phpStudy\WWW\ksqc\Application\Home\Controller\IndexController.class.php 第 128 行.
NOTIC: [2] Invalid argument supplied for foreach() D:\phpStudy\WWW\ksqc\Application\Home\Controller\IndexController.class.php 第 128 行.
NOTIC: [2] Invalid argument supplied for foreach() D:\phpStudy\WWW\ksqc\Application\Home\Controller\IndexController.class.php 第 128 行.
NOTIC: [2] Invalid argument supplied for foreach() D:\phpStudy\WWW\ksqc\Application\Home\Controller\IndexController.class.php 第 128 行.
NOTIC: [2] Invalid argument supplied for foreach() D:\phpStudy\WWW\ksqc\Application\Home\Controller\IndexController.class.php 第 128 行.
NOTIC: [2] Invalid argument supplied for foreach() D:\phpStudy\WWW\ksqc\Application\Home\Controller\IndexController.class.php 第 128 行.
NOTIC: [2] Invalid argument supplied for foreach() D:\phpStudy\WWW\ksqc\Application\Home\Controller\IndexController.class.php 第 128 行.
NOTIC: [2] Invalid argument supplied for foreach() D:\phpStudy\WWW\ksqc\Application\Home\Controller\IndexController.class.php 第 128 行.
NOTIC: [2] Invalid argument supplied for foreach() D:\phpStudy\WWW\ksqc\Application\Home\Controller\IndexController.class.php 第 128 行.
NOTIC: [2] Invalid argument supplied for foreach() D:\phpStudy\WWW\ksqc\Application\Home\Controller\IndexController.class.php 第 128 行.
NOTIC: [2] Invalid argument supplied for foreach() D:\phpStudy\WWW\ksqc\Application\Home\Controller\IndexController.class.php 第 128 行.
NOTIC: [2] Invalid argument supplied for foreach() D:\phpStudy\WWW\ksqc\Application\Home\Controller\IndexController.class.php 第 128 行.
NOTIC: [2] Invalid argument supplied for foreach() D:\phpStudy\WWW\ksqc\Application\Home\Controller\IndexController.class.php 第 128 行.
INFO: [ view_parse ] --START--
INFO: [ template_filter ] --START--
INFO: Run Behavior\ContentReplaceBehavior [ RunTime:0.005000s ]
INFO: [ template_filter ] --END-- [ RunTime:0.011001s ]
INFO: Run Behavior\ParseTemplateBehavior [ RunTime:1.687096s ]
INFO: [ view_parse ] --END-- [ RunTime:1.693096s ]
INFO: [ view_filter ] --START--
INFO: Run Behavior\WriteHtmlCacheBehavior [ RunTime:0.005000s ]
INFO: [ view_filter ] --END-- [ RunTime:0.012000s ]
INFO: [ app_end ] --START--
INFO: Run Behavior\ShowPageTraceBehavior [ RunTime:0.004000s ]
INFO: [ app_end ] --END-- [ RunTime:0.011001s ]

[ 2018-01-13T09:41:18+08:00 ] ::1 /ksqc/index.php/Home/Index/farm.html
INFO: [ app_init ] --START--
INFO: Run Behavior\BuildLiteBehavior [ RunTime:0.001000s ]
INFO: [ app_init ] --END-- [ RunTime:0.009001s ]
INFO: [ app_begin ] --START--
INFO: Run Behavior\ReadHtmlCacheBehavior [ RunTime:0.004000s ]
INFO: [ app_begin ] --END-- [ RunTime:0.009000s ]
NOTIC: [2] Missing argument 1 for tool(), called in D:\phpStudy\WWW\ksqc\Application\Home\Controller\IndexController.class.php on line 14 and defined D:\phpStudy\WWW\ksqc\Application\Common\Common\function.php 第 155 行.
SQL: SHOW COLUMNS FROM `nb_user` [ RunTime:0.0080s ]
SQL: SELECT * FROM `nb_user` WHERE `id` = 3 LIMIT 1   [ RunTime:0.0020s ]
SQL: SHOW COLUMNS FROM `nb_store` [ RunTime:0.0060s ]
SQL: SELECT * FROM `nb_store` WHERE `uid` = 3 LIMIT 1   [ RunTime:0.0030s ]
SQL: SHOW COLUMNS FROM `nb_baoxiang` [ RunTime:0.0070s ]
SQL: SELECT * FROM `nb_user` WHERE `parent_id` = 3  [ RunTime:0.0030s ]
SQL: SHOW COLUMNS FROM `nb_miner_log` [ RunTime:0.0070s ]
SQL: SELECT * FROM `nb_miner_log` WHERE `uid` = 3  [ RunTime:0.0020s ]
SQL: SHOW COLUMNS FROM `nb_money_log` [ RunTime:0.0070s ]
SQL: SELECT * FROM `nb_money_log` WHERE `uid` = 3  [ RunTime:0.0030s ]
SQL: SHOW COLUMNS FROM `nb_diamonds_log` [ RunTime:0.0080s ]
SQL: SELECT * FROM `nb_diamonds_log` WHERE `uid` = 3  [ RunTime:0.0020s ]
SQL: SHOW COLUMNS FROM `nb_tools` [ RunTime:0.0080s ]
SQL: SELECT * FROM `nb_tools` WHERE `uid` = 3  [ RunTime:0.0030s ]
SQL: SHOW COLUMNS FROM `nb_miner_money_log` [ RunTime:0.0090s ]
SQL: SELECT * FROM `nb_miner_money_log` WHERE `uid` = 3  [ RunTime:0.0020s ]
SQL: SHOW COLUMNS FROM `nb_money_miner_log` [ RunTime:0.0100s ]
SQL: SELECT * FROM `nb_money_miner_log` WHERE `uid` = 3  [ RunTime:0.0030s ]
SQL: SELECT COUNT(*) AS tp_count FROM `nb_baoxiang` WHERE `uid` = 3 AND `status` = 0 LIMIT 1   [ RunTime:0.0020s ]
SQL: SELECT * FROM `nb_baoxiang` WHERE `uid` = 3 AND `status` = 1  [ RunTime:0.0020s ]
SQL: SHOW COLUMNS FROM `nb_coal_layer` [ RunTime:0.0060s ]
SQL: SELECT COUNT(*) AS tp_count FROM `nb_coal_layer` WHERE `uid` = 3 AND `is_open` = 1 LIMIT 1   [ RunTime:0.0020s ]
SQL: SELECT * FROM `nb_tools` WHERE `uid` = 3 AND `area` = 'coal_layer' AND `layer_id` = 1 AND `is_get` = 0 ORDER BY `is_default` desc,`end_time` asc  [ RunTime:0.0030s ]
SQL: SELECT * FROM `nb_tools` WHERE `uid` = 3 AND `area` = 'coal_layer' AND `layer_id` = 2 AND `is_get` = 0 ORDER BY `is_default` desc,`end_time` asc  [ RunTime:0.0020s ]
SQL: SELECT * FROM `nb_tools` WHERE `uid` = 3 AND `area` = 'coal_layer' AND `layer_id` = 3 AND `is_get` = 0 ORDER BY `is_default` desc,`end_time` asc  [ RunTime:0.0020s ]
SQL: SELECT * FROM `nb_tools` WHERE `uid` = 3 AND `area` = 'coal_layer' AND `layer_id` = 4 AND `is_get` = 0 ORDER BY `is_default` desc,`end_time` asc  [ RunTime:0.0020s ]
SQL: SELECT * FROM `nb_tools` WHERE `uid` = 3 AND `area` = 'coal_layer' AND `layer_id` = 5 AND `is_get` = 0 ORDER BY `is_default` desc,`end_time` asc  [ RunTime:0.0020s ]
SQL: SELECT * FROM `nb_tools` WHERE `uid` = 3 AND `area` = 'coal_layer' AND `layer_id` = 6 AND `is_get` = 0 ORDER BY `is_default` desc,`end_time` asc  [ RunTime:0.0020s ]
SQL: SELECT * FROM `nb_tools` WHERE `uid` = 3 AND `area` = 'coal_layer' AND `layer_id` = 7 AND `is_get` = 0 ORDER BY `is_default` desc,`end_time` asc  [ RunTime:0.0020s ]
SQL: SELECT * FROM `nb_tools` WHERE `uid` = 3 AND `area` = 'coal_layer' AND `layer_id` = 8 AND `is_get` = 0 ORDER BY `is_default` desc,`end_time` asc  [ RunTime:0.0020s ]
SQL: SELECT * FROM `nb_tools` WHERE `uid` = 3 AND `area` = 'coal_layer' AND `layer_id` = 9 AND `is_get` = 0 ORDER BY `is_default` desc,`end_time` asc  [ RunTime:0.0020s ]
SQL: SELECT * FROM `nb_tools` WHERE `uid` = 3 AND `area` = 'coal_layer' AND `layer_id` = 10 AND `is_get` = 0 ORDER BY `is_default` desc,`end_time` asc  [ RunTime:0.0020s ]
SQL: SELECT * FROM `nb_tools` WHERE `uid` = 3 AND `area` = 'coal_layer' AND `layer_id` = 11 AND `is_get` = 0 ORDER BY `is_default` desc,`end_time` asc  [ RunTime:0.0020s ]
SQL: SELECT * FROM `nb_tools` WHERE `uid` = 3 AND `area` = 'coal_layer' AND `layer_id` = 12 AND `is_get` = 0 ORDER BY `is_default` desc,`end_time` asc  [ RunTime:0.0020s ]
SQL: SELECT user.mobile,store.today_get_miner_gold FROM nb_user user INNER JOIN nb_store as store ON user.id = store.uid  WHERE ( user.mobile <> "" ) ORDER BY store.today_get_miner_gold desc LIMIT 20   [ RunTime:0.0030s ]
SQL: SELECT COUNT(*) AS tp_count FROM nb_user user INNER JOIN nb_store as store ON user.id = store.uid  WHERE user.mobile <> '' AND store.today_get_miner_gold > '90505' ORDER BY store.today_get_miner_gold desc LIMIT 1   [ RunTime:0.0020s ]
SQL: SELECT * FROM `nb_user` WHERE `id` >= '3'  [ RunTime:0.0030s ]
NOTIC: [2] Invalid argument supplied for foreach() D:\phpStudy\WWW\ksqc\Application\Home\Controller\IndexController.class.php 第 128 行.
NOTIC: [2] Invalid argument supplied for foreach() D:\phpStudy\WWW\ksqc\Application\Home\Controller\IndexController.class.php 第 128 行.
NOTIC: [2] Invalid argument supplied for foreach() D:\phpStudy\WWW\ksqc\Application\Home\Controller\IndexController.class.php 第 128 行.
NOTIC: [2] Invalid argument supplied for foreach() D:\phpStudy\WWW\ksqc\Application\Home\Controller\IndexController.class.php 第 128 行.
NOTIC: [2] Invalid argument supplied for foreach() D:\phpStudy\WWW\ksqc\Application\Home\Controller\IndexController.class.php 第 128 行.
NOTIC: [2] Invalid argument supplied for foreach() D:\phpStudy\WWW\ksqc\Application\Home\Controller\IndexController.class.php 第 128 行.
NOTIC: [2] Invalid argument supplied for foreach() D:\phpStudy\WWW\ksqc\Application\Home\Controller\IndexController.class.php 第 128 行.
NOTIC: [2] Invalid argument supplied for foreach() D:\phpStudy\WWW\ksqc\Application\Home\Controller\IndexController.class.php 第 128 行.
NOTIC: [2] Invalid argument supplied for foreach() D:\phpStudy\WWW\ksqc\Application\Home\Controller\IndexController.class.php 第 128 行.
NOTIC: [2] Invalid argument supplied for foreach() D:\phpStudy\WWW\ksqc\Application\Home\Controller\IndexController.class.php 第 128 行.
NOTIC: [2] Invalid argument supplied for foreach() D:\phpStudy\WWW\ksqc\Application\Home\Controller\IndexController.class.php 第 128 行.
NOTIC: [2] Invalid argument supplied for foreach() D:\phpStudy\WWW\ksqc\Application\Home\Controller\IndexController.class.php 第 128 行.
NOTIC: [2] Invalid argument supplied for foreach() D:\phpStudy\WWW\ksqc\Application\Home\Controller\IndexController.class.php 第 128 行.
NOTIC: [2] Invalid argument supplied for foreach() D:\phpStudy\WWW\ksqc\Application\Home\Controller\IndexController.class.php 第 128 行.
NOTIC: [2] Invalid argument supplied for foreach() D:\phpStudy\WWW\ksqc\Application\Home\Controller\IndexController.class.php 第 128 行.
NOTIC: [2] Invalid argument supplied for foreach() D:\phpStudy\WWW\ksqc\Application\Home\Controller\IndexController.class.php 第 128 行.
NOTIC: [2] Invalid argument supplied for foreach() D:\phpStudy\WWW\ksqc\Application\Home\Controller\IndexController.class.php 第 128 行.
NOTIC: [2] Invalid argument supplied for foreach() D:\phpStudy\WWW\ksqc\Application\Home\Controller\IndexController.class.php 第 128 行.
NOTIC: [2] Invalid argument supplied for foreach() D:\phpStudy\WWW\ksqc\Application\Home\Controller\IndexController.class.php 第 128 行.
NOTIC: [2] Invalid argument supplied for foreach() D:\phpStudy\WWW\ksqc\Application\Home\Controller\IndexController.class.php 第 128 行.
NOTIC: [2] Invalid argument supplied for foreach() D:\phpStudy\WWW\ksqc\Application\Home\Controller\IndexController.class.php 第 128 行.
NOTIC: [2] Invalid argument supplied for foreach() D:\phpStudy\WWW\ksqc\Application\Home\Controller\IndexController.class.php 第 128 行.
NOTIC: [2] Invalid argument supplied for foreach() D:\phpStudy\WWW\ksqc\Application\Home\Controller\IndexController.class.php 第 128 行.
NOTIC: [2] Invalid argument supplied for foreach() D:\phpStudy\WWW\ksqc\Application\Home\Controller\IndexController.class.php 第 128 行.
NOTIC: [2] Invalid argument supplied for foreach() D:\phpStudy\WWW\ksqc\Application\Home\Controller\IndexController.class.php 第 128 行.
NOTIC: [2] Invalid argument supplied for foreach() D:\phpStudy\WWW\ksqc\Application\Home\Controller\IndexController.class.php 第 128 行.
INFO: [ view_parse ] --START--
INFO: [ template_filter ] --START--
INFO: Run Behavior\ContentReplaceBehavior [ RunTime:0.005000s ]
INFO: [ template_filter ] --END-- [ RunTime:0.011001s ]
INFO: Run Behavior\ParseTemplateBehavior [ RunTime:1.608092s ]
INFO: [ view_parse ] --END-- [ RunTime:1.614092s ]
INFO: [ view_filter ] --START--
INFO: Run Behavior\WriteHtmlCacheBehavior [ RunTime:0.005001s ]
INFO: [ view_filter ] --END-- [ RunTime:0.013001s ]
INFO: [ app_end ] --START--
INFO: Run Behavior\ShowPageTraceBehavior [ RunTime:0.005000s ]
INFO: [ app_end ] --END-- [ RunTime:0.012000s ]

[ 2018-01-13T09:41:27+08:00 ] ::1 /ksqc/index.php/Home/Index/farm.html
INFO: [ app_init ] --START--
INFO: Run Behavior\BuildLiteBehavior [ RunTime:0.001000s ]
INFO: [ app_init ] --END-- [ RunTime:0.010000s ]
INFO: [ app_begin ] --START--
INFO: Run Behavior\ReadHtmlCacheBehavior [ RunTime:0.005000s ]
INFO: [ app_begin ] --END-- [ RunTime:0.009000s ]
NOTIC: [2] Missing argument 1 for tool(), called in D:\phpStudy\WWW\ksqc\Application\Home\Controller\IndexController.class.php on line 14 and defined D:\phpStudy\WWW\ksqc\Application\Common\Common\function.php 第 155 行.
SQL: SHOW COLUMNS FROM `nb_user` [ RunTime:0.0080s ]
SQL: SELECT * FROM `nb_user` WHERE `id` = 3 LIMIT 1   [ RunTime:0.0020s ]
SQL: SHOW COLUMNS FROM `nb_store` [ RunTime:0.0070s ]
SQL: SELECT * FROM `nb_store` WHERE `uid` = 3 LIMIT 1   [ RunTime:0.0010s ]
SQL: SHOW COLUMNS FROM `nb_baoxiang` [ RunTime:0.0070s ]
SQL: SELECT * FROM `nb_user` WHERE `parent_id` = 3  [ RunTime:0.0020s ]
SQL: SHOW COLUMNS FROM `nb_miner_log` [ RunTime:0.0110s ]
SQL: SELECT * FROM `nb_miner_log` WHERE `uid` = 3  [ RunTime:0.0020s ]
SQL: SHOW COLUMNS FROM `nb_money_log` [ RunTime:0.0080s ]
SQL: SELECT * FROM `nb_money_log` WHERE `uid` = 3  [ RunTime:0.0020s ]
SQL: SHOW COLUMNS FROM `nb_diamonds_log` [ RunTime:0.0060s ]
SQL: SELECT * FROM `nb_diamonds_log` WHERE `uid` = 3  [ RunTime:0.0030s ]
SQL: SHOW COLUMNS FROM `nb_tools` [ RunTime:0.0070s ]
SQL: SELECT * FROM `nb_tools` WHERE `uid` = 3  [ RunTime:0.0030s ]
SQL: SHOW COLUMNS FROM `nb_miner_money_log` [ RunTime:0.0060s ]
SQL: SELECT * FROM `nb_miner_money_log` WHERE `uid` = 3  [ RunTime:0.0010s ]
SQL: SHOW COLUMNS FROM `nb_money_miner_log` [ RunTime:0.0060s ]
SQL: SELECT * FROM `nb_money_miner_log` WHERE `uid` = 3  [ RunTime:0.0020s ]
SQL: SELECT COUNT(*) AS tp_count FROM `nb_baoxiang` WHERE `uid` = 3 AND `status` = 0 LIMIT 1   [ RunTime:0.0020s ]
SQL: SELECT * FROM `nb_baoxiang` WHERE `uid` = 3 AND `status` = 1  [ RunTime:0.0020s ]
SQL: SHOW COLUMNS FROM `nb_coal_layer` [ RunTime:0.0050s ]
SQL: SELECT COUNT(*) AS tp_count FROM `nb_coal_layer` WHERE `uid` = 3 AND `is_open` = 1 LIMIT 1   [ RunTime:0.0020s ]
SQL: SELECT * FROM `nb_tools` WHERE `uid` = 3 AND `area` = 'coal_layer' AND `layer_id` = 1 AND `is_get` = 0 ORDER BY `is_default` desc,`end_time` asc  [ RunTime:0.0020s ]
SQL: SELECT * FROM `nb_tools` WHERE `uid` = 3 AND `area` = 'coal_layer' AND `layer_id` = 2 AND `is_get` = 0 ORDER BY `is_default` desc,`end_time` asc  [ RunTime:0.0030s ]
SQL: SELECT * FROM `nb_tools` WHERE `uid` = 3 AND `area` = 'coal_layer' AND `layer_id` = 3 AND `is_get` = 0 ORDER BY `is_default` desc,`end_time` asc  [ RunTime:0.0020s ]
SQL: SELECT * FROM `nb_tools` WHERE `uid` = 3 AND `area` = 'coal_layer' AND `layer_id` = 4 AND `is_get` = 0 ORDER BY `is_default` desc,`end_time` asc  [ RunTime:0.0020s ]
SQL: SELECT * FROM `nb_tools` WHERE `uid` = 3 AND `area` = 'coal_layer' AND `layer_id` = 5 AND `is_get` = 0 ORDER BY `is_default` desc,`end_time` asc  [ RunTime:0.0020s ]
SQL: SELECT * FROM `nb_tools` WHERE `uid` = 3 AND `area` = 'coal_layer' AND `layer_id` = 6 AND `is_get` = 0 ORDER BY `is_default` desc,`end_time` asc  [ RunTime:0.0010s ]
SQL: SELECT * FROM `nb_tools` WHERE `uid` = 3 AND `area` = 'coal_layer' AND `layer_id` = 7 AND `is_get` = 0 ORDER BY `is_default` desc,`end_time` asc  [ RunTime:0.0020s ]
SQL: SELECT * FROM `nb_tools` WHERE `uid` = 3 AND `area` = 'coal_layer' AND `layer_id` = 8 AND `is_get` = 0 ORDER BY `is_default` desc,`end_time` asc  [ RunTime:0.0020s ]
SQL: SELECT * FROM `nb_tools` WHERE `uid` = 3 AND `area` = 'coal_layer' AND `layer_id` = 9 AND `is_get` = 0 ORDER BY `is_default` desc,`end_time` asc  [ RunTime:0.0020s ]
SQL: SELECT * FROM `nb_tools` WHERE `uid` = 3 AND `area` = 'coal_layer' AND `layer_id` = 10 AND `is_get` = 0 ORDER BY `is_default` desc,`end_time` asc  [ RunTime:0.0020s ]
SQL: SELECT * FROM `nb_tools` WHERE `uid` = 3 AND `area` = 'coal_layer' AND `layer_id` = 11 AND `is_get` = 0 ORDER BY `is_default` desc,`end_time` asc  [ RunTime:0.0020s ]
SQL: SELECT * FROM `nb_tools` WHERE `uid` = 3 AND `area` = 'coal_layer' AND `layer_id` = 12 AND `is_get` = 0 ORDER BY `is_default` desc,`end_time` asc  [ RunTime:0.0030s ]
SQL: SELECT user.mobile,store.today_get_miner_gold FROM nb_user user INNER JOIN nb_store as store ON user.id = store.uid  WHERE ( user.mobile <> "" ) ORDER BY store.today_get_miner_gold desc LIMIT 20   [ RunTime:0.0020s ]
SQL: SELECT COUNT(*) AS tp_count FROM nb_user user INNER JOIN nb_store as store ON user.id = store.uid  WHERE user.mobile <> '' AND store.today_get_miner_gold > '90505' ORDER BY store.today_get_miner_gold desc LIMIT 1   [ RunTime:0.0010s ]
SQL: SELECT * FROM `nb_user` WHERE `id` >= '3'  [ RunTime:0.0030s ]
NOTIC: [2] Invalid argument supplied for foreach() D:\phpStudy\WWW\ksqc\Application\Home\Controller\IndexController.class.php 第 128 行.
NOTIC: [2] Invalid argument supplied for foreach() D:\phpStudy\WWW\ksqc\Application\Home\Controller\IndexController.class.php 第 128 行.
NOTIC: [2] Invalid argument supplied for foreach() D:\phpStudy\WWW\ksqc\Application\Home\Controller\IndexController.class.php 第 128 行.
NOTIC: [2] Invalid argument supplied for foreach() D:\phpStudy\WWW\ksqc\Application\Home\Controller\IndexController.class.php 第 128 行.
NOTIC: [2] Invalid argument supplied for foreach() D:\phpStudy\WWW\ksqc\Application\Home\Controller\IndexController.class.php 第 128 行.
NOTIC: [2] Invalid argument supplied for foreach() D:\phpStudy\WWW\ksqc\Application\Home\Controller\IndexController.class.php 第 128 行.
NOTIC: [2] Invalid argument supplied for foreach() D:\phpStudy\WWW\ksqc\Application\Home\Controller\IndexController.class.php 第 128 行.
NOTIC: [2] Invalid argument supplied for foreach() D:\phpStudy\WWW\ksqc\Application\Home\Controller\IndexController.class.php 第 128 行.
NOTIC: [2] Invalid argument supplied for foreach() D:\phpStudy\WWW\ksqc\Application\Home\Controller\IndexController.class.php 第 128 行.
NOTIC: [2] Invalid argument supplied for foreach() D:\phpStudy\WWW\ksqc\Application\Home\Controller\IndexController.class.php 第 128 行.
NOTIC: [2] Invalid argument supplied for foreach() D:\phpStudy\WWW\ksqc\Application\Home\Controller\IndexController.class.php 第 128 行.
NOTIC: [2] Invalid argument supplied for foreach() D:\phpStudy\WWW\ksqc\Application\Home\Controller\IndexController.class.php 第 128 行.
NOTIC: [2] Invalid argument supplied for foreach() D:\phpStudy\WWW\ksqc\Application\Home\Controller\IndexController.class.php 第 128 行.
NOTIC: [2] Invalid argument supplied for foreach() D:\phpStudy\WWW\ksqc\Application\Home\Controller\IndexController.class.php 第 128 行.
NOTIC: [2] Invalid argument supplied for foreach() D:\phpStudy\WWW\ksqc\Application\Home\Controller\IndexController.class.php 第 128 行.
NOTIC: [2] Invalid argument supplied for foreach() D:\phpStudy\WWW\ksqc\Application\Home\Controller\IndexController.class.php 第 128 行.
NOTIC: [2] Invalid argument supplied for foreach() D:\phpStudy\WWW\ksqc\Application\Home\Controller\IndexController.class.php 第 128 行.
NOTIC: [2] Invalid argument supplied for foreach() D:\phpStudy\WWW\ksqc\Application\Home\Controller\IndexController.class.php 第 128 行.
NOTIC: [2] Invalid argument supplied for foreach() D:\phpStudy\WWW\ksqc\Application\Home\Controller\IndexController.class.php 第 128 行.
NOTIC: [2] Invalid argument supplied for foreach() D:\phpStudy\WWW\ksqc\Application\Home\Controller\IndexController.class.php 第 128 行.
NOTIC: [2] Invalid argument supplied for foreach() D:\phpStudy\WWW\ksqc\Application\Home\Controller\IndexController.class.php 第 128 行.
NOTIC: [2] Invalid argument supplied for foreach() D:\phpStudy\WWW\ksqc\Application\Home\Controller\IndexController.class.php 第 128 行.
NOTIC: [2] Invalid argument supplied for foreach() D:\phpStudy\WWW\ksqc\Application\Home\Controller\IndexController.class.php 第 128 行.
NOTIC: [2] Invalid argument supplied for foreach() D:\phpStudy\WWW\ksqc\Application\Home\Controller\IndexController.class.php 第 128 行.
NOTIC: [2] Invalid argument supplied for foreach() D:\phpStudy\WWW\ksqc\Application\Home\Controller\IndexController.class.php 第 128 行.
NOTIC: [2] Invalid argument supplied for foreach() D:\phpStudy\WWW\ksqc\Application\Home\Controller\IndexController.class.php 第 128 行.
INFO: [ view_parse ] --START--
INFO: [ template_filter ] --START--
INFO: Run Behavior\ContentReplaceBehavior [ RunTime:0.009000s ]
INFO: [ template_filter ] --END-- [ RunTime:0.015001s ]
INFO: Run Behavior\ParseTemplateBehavior [ RunTime:1.743100s ]
INFO: [ view_parse ] --END-- [ RunTime:1.758100s ]
INFO: [ view_filter ] --START--
INFO: Run Behavior\WriteHtmlCacheBehavior [ RunTime:0.004000s ]
INFO: [ view_filter ] --END-- [ RunTime:0.009000s ]
INFO: [ app_end ] --START--
INFO: Run Behavior\ShowPageTraceBehavior [ RunTime:0.005000s ]
INFO: [ app_end ] --END-- [ RunTime:0.015001s ]

[ 2018-01-13T09:41:31+08:00 ] ::1 /ksqc/index.php/Home/Index/farm.html
INFO: [ app_init ] --START--
INFO: Run Behavior\BuildLiteBehavior [ RunTime:0.001000s ]
INFO: [ app_init ] --END-- [ RunTime:0.013001s ]
INFO: [ app_begin ] --START--
INFO: Run Behavior\ReadHtmlCacheBehavior [ RunTime:0.004000s ]
INFO: [ app_begin ] --END-- [ RunTime:0.010000s ]
NOTIC: [2] Missing argument 1 for tool(), called in D:\phpStudy\WWW\ksqc\Application\Home\Controller\IndexController.class.php on line 14 and defined D:\phpStudy\WWW\ksqc\Application\Common\Common\function.php 第 155 行.
SQL: SHOW COLUMNS FROM `nb_user` [ RunTime:0.0090s ]
SQL: SELECT * FROM `nb_user` WHERE `id` = 3 LIMIT 1   [ RunTime:0.0020s ]
SQL: SHOW COLUMNS FROM `nb_store` [ RunTime:0.0060s ]
SQL: SELECT * FROM `nb_store` WHERE `uid` = 3 LIMIT 1   [ RunTime:0.0020s ]
SQL: SHOW COLUMNS FROM `nb_baoxiang` [ RunTime:0.0070s ]
SQL: SELECT * FROM `nb_user` WHERE `parent_id` = 3  [ RunTime:0.0020s ]
SQL: SHOW COLUMNS FROM `nb_miner_log` [ RunTime:0.0060s ]
SQL: SELECT * FROM `nb_miner_log` WHERE `uid` = 3  [ RunTime:0.0020s ]
SQL: SHOW COLUMNS FROM `nb_money_log` [ RunTime:0.0060s ]
SQL: SELECT * FROM `nb_money_log` WHERE `uid` = 3  [ RunTime:0.0010s ]
SQL: SHOW COLUMNS FROM `nb_diamonds_log` [ RunTime:0.0080s ]
SQL: SELECT * FROM `nb_diamonds_log` WHERE `uid` = 3  [ RunTime:0.0010s ]
SQL: SHOW COLUMNS FROM `nb_tools` [ RunTime:0.0070s ]
SQL: SELECT * FROM `nb_tools` WHERE `uid` = 3  [ RunTime:0.0030s ]
SQL: SHOW COLUMNS FROM `nb_miner_money_log` [ RunTime:0.0070s ]
SQL: SELECT * FROM `nb_miner_money_log` WHERE `uid` = 3  [ RunTime:0.0020s ]
SQL: SHOW COLUMNS FROM `nb_money_miner_log` [ RunTime:0.0080s ]
SQL: SELECT * FROM `nb_money_miner_log` WHERE `uid` = 3  [ RunTime:0.0010s ]
SQL: SELECT COUNT(*) AS tp_count FROM `nb_baoxiang` WHERE `uid` = 3 AND `status` = 0 LIMIT 1   [ RunTime:0.0010s ]
SQL: SELECT * FROM `nb_baoxiang` WHERE `uid` = 3 AND `status` = 1  [ RunTime:0.0020s ]
SQL: SHOW COLUMNS FROM `nb_coal_layer` [ RunTime:0.0070s ]
SQL: SELECT COUNT(*) AS tp_count FROM `nb_coal_layer` WHERE `uid` = 3 AND `is_open` = 1 LIMIT 1   [ RunTime:0.0020s ]
SQL: SELECT * FROM `nb_tools` WHERE `uid` = 3 AND `area` = 'coal_layer' AND `layer_id` = 1 AND `is_get` = 0 ORDER BY `is_default` desc,`end_time` asc  [ RunTime:0.0020s ]
SQL: SELECT * FROM `nb_tools` WHERE `uid` = 3 AND `area` = 'coal_layer' AND `layer_id` = 2 AND `is_get` = 0 ORDER BY `is_default` desc,`end_time` asc  [ RunTime:0.0010s ]
SQL: SELECT * FROM `nb_tools` WHERE `uid` = 3 AND `area` = 'coal_layer' AND `layer_id` = 3 AND `is_get` = 0 ORDER BY `is_default` desc,`end_time` asc  [ RunTime:0.0020s ]
SQL: SELECT * FROM `nb_tools` WHERE `uid` = 3 AND `area` = 'coal_layer' AND `layer_id` = 4 AND `is_get` = 0 ORDER BY `is_default` desc,`end_time` asc  [ RunTime:0.0010s ]
SQL: SELECT * FROM `nb_tools` WHERE `uid` = 3 AND `area` = 'coal_layer' AND `layer_id` = 5 AND `is_get` = 0 ORDER BY `is_default` desc,`end_time` asc  [ RunTime:0.0020s ]
SQL: SELECT * FROM `nb_tools` WHERE `uid` = 3 AND `area` = 'coal_layer' AND `layer_id` = 6 AND `is_get` = 0 ORDER BY `is_default` desc,`end_time` asc  [ RunTime:0.0020s ]
SQL: SELECT * FROM `nb_tools` WHERE `uid` = 3 AND `area` = 'coal_layer' AND `layer_id` = 7 AND `is_get` = 0 ORDER BY `is_default` desc,`end_time` asc  [ RunTime:0.0020s ]
SQL: SELECT * FROM `nb_tools` WHERE `uid` = 3 AND `area` = 'coal_layer' AND `layer_id` = 8 AND `is_get` = 0 ORDER BY `is_default` desc,`end_time` asc  [ RunTime:0.0030s ]
SQL: SELECT * FROM `nb_tools` WHERE `uid` = 3 AND `area` = 'coal_layer' AND `layer_id` = 9 AND `is_get` = 0 ORDER BY `is_default` desc,`end_time` asc  [ RunTime:0.0020s ]
SQL: SELECT * FROM `nb_tools` WHERE `uid` = 3 AND `area` = 'coal_layer' AND `layer_id` = 10 AND `is_get` = 0 ORDER BY `is_default` desc,`end_time` asc  [ RunTime:0.0020s ]
SQL: SELECT * FROM `nb_tools` WHERE `uid` = 3 AND `area` = 'coal_layer' AND `layer_id` = 11 AND `is_get` = 0 ORDER BY `is_default` desc,`end_time` asc  [ RunTime:0.0020s ]
SQL: SELECT * FROM `nb_tools` WHERE `uid` = 3 AND `area` = 'coal_layer' AND `layer_id` = 12 AND `is_get` = 0 ORDER BY `is_default` desc,`end_time` asc  [ RunTime:0.0020s ]
SQL: SELECT user.mobile,store.today_get_miner_gold FROM nb_user user INNER JOIN nb_store as store ON user.id = store.uid  WHERE ( user.mobile <> "" ) ORDER BY store.today_get_miner_gold desc LIMIT 20   [ RunTime:0.0030s ]
SQL: SELECT COUNT(*) AS tp_count FROM nb_user user INNER JOIN nb_store as store ON user.id = store.uid  WHERE user.mobile <> '' AND store.today_get_miner_gold > '90505' ORDER BY store.today_get_miner_gold desc LIMIT 1   [ RunTime:0.0010s ]
SQL: SELECT * FROM `nb_user` WHERE `id` >= '3'  [ RunTime:0.0030s ]
NOTIC: [2] Invalid argument supplied for foreach() D:\phpStudy\WWW\ksqc\Application\Home\Controller\IndexController.class.php 第 128 行.
NOTIC: [2] Invalid argument supplied for foreach() D:\phpStudy\WWW\ksqc\Application\Home\Controller\IndexController.class.php 第 128 行.
NOTIC: [2] Invalid argument supplied for foreach() D:\phpStudy\WWW\ksqc\Application\Home\Controller\IndexController.class.php 第 128 行.
NOTIC: [2] Invalid argument supplied for foreach() D:\phpStudy\WWW\ksqc\Application\Home\Controller\IndexController.class.php 第 128 行.
NOTIC: [2] Invalid argument supplied for foreach() D:\phpStudy\WWW\ksqc\Application\Home\Controller\IndexController.class.php 第 128 行.
NOTIC: [2] Invalid argument supplied for foreach() D:\phpStudy\WWW\ksqc\Application\Home\Controller\IndexController.class.php 第 128 行.
NOTIC: [2] Invalid argument supplied for foreach() D:\phpStudy\WWW\ksqc\Application\Home\Controller\IndexController.class.php 第 128 行.
NOTIC: [2] Invalid argument supplied for foreach() D:\phpStudy\WWW\ksqc\Application\Home\Controller\IndexController.class.php 第 128 行.
NOTIC: [2] Invalid argument supplied for foreach() D:\phpStudy\WWW\ksqc\Application\Home\Controller\IndexController.class.php 第 128 行.
NOTIC: [2] Invalid argument supplied for foreach() D:\phpStudy\WWW\ksqc\Application\Home\Controller\IndexController.class.php 第 128 行.
NOTIC: [2] Invalid argument supplied for foreach() D:\phpStudy\WWW\ksqc\Application\Home\Controller\IndexController.class.php 第 128 行.
NOTIC: [2] Invalid argument supplied for foreach() D:\phpStudy\WWW\ksqc\Application\Home\Controller\IndexController.class.php 第 128 行.
NOTIC: [2] Invalid argument supplied for foreach() D:\phpStudy\WWW\ksqc\Application\Home\Controller\IndexController.class.php 第 128 行.
NOTIC: [2] Invalid argument supplied for foreach() D:\phpStudy\WWW\ksqc\Application\Home\Controller\IndexController.class.php 第 128 行.
NOTIC: [2] Invalid argument supplied for foreach() D:\phpStudy\WWW\ksqc\Application\Home\Controller\IndexController.class.php 第 128 行.
NOTIC: [2] Invalid argument supplied for foreach() D:\phpStudy\WWW\ksqc\Application\Home\Controller\IndexController.class.php 第 128 行.
NOTIC: [2] Invalid argument supplied for foreach() D:\phpStudy\WWW\ksqc\Application\Home\Controller\IndexController.class.php 第 128 行.
NOTIC: [2] Invalid argument supplied for foreach() D:\phpStudy\WWW\ksqc\Application\Home\Controller\IndexController.class.php 第 128 行.
NOTIC: [2] Invalid argument supplied for foreach() D:\phpStudy\WWW\ksqc\Application\Home\Controller\IndexController.class.php 第 128 行.
NOTIC: [2] Invalid argument supplied for foreach() D:\phpStudy\WWW\ksqc\Application\Home\Controller\IndexController.class.php 第 128 行.
NOTIC: [2] Invalid argument supplied for foreach() D:\phpStudy\WWW\ksqc\Application\Home\Controller\IndexController.class.php 第 128 行.
NOTIC: [2] Invalid argument supplied for foreach() D:\phpStudy\WWW\ksqc\Application\Home\Controller\IndexController.class.php 第 128 行.
NOTIC: [2] Invalid argument supplied for foreach() D:\phpStudy\WWW\ksqc\Application\Home\Controller\IndexController.class.php 第 128 行.
NOTIC: [2] Invalid argument supplied for foreach() D:\phpStudy\WWW\ksqc\Application\Home\Controller\IndexController.class.php 第 128 行.
NOTIC: [2] Invalid argument supplied for foreach() D:\phpStudy\WWW\ksqc\Application\Home\Controller\IndexController.class.php 第 128 行.
NOTIC: [2] Invalid argument supplied for foreach() D:\phpStudy\WWW\ksqc\Application\Home\Controller\IndexController.class.php 第 128 行.
INFO: [ view_parse ] --START--
INFO: [ template_filter ] --START--
INFO: Run Behavior\ContentReplaceBehavior [ RunTime:0.004000s ]
INFO: [ template_filter ] --END-- [ RunTime:0.010001s ]
INFO: Run Behavior\ParseTemplateBehavior [ RunTime:1.611092s ]
INFO: [ view_parse ] --END-- [ RunTime:1.621093s ]
INFO: [ view_filter ] --START--
INFO: Run Behavior\WriteHtmlCacheBehavior [ RunTime:0.006001s ]
INFO: [ view_filter ] --END-- [ RunTime:0.011001s ]
INFO: [ app_end ] --START--
INFO: Run Behavior\ShowPageTraceBehavior [ RunTime:0.004000s ]
INFO: [ app_end ] --END-- [ RunTime:0.012001s ]

[ 2018-01-13T11:10:23+08:00 ] ::1 /ksqc/index.php/Home/Index/farm.html
INFO: [ app_init ] --START--
INFO: Run Behavior\BuildLiteBehavior [ RunTime:0.001000s ]
INFO: [ app_init ] --END-- [ RunTime:0.012000s ]
INFO: [ app_begin ] --START--
INFO: Run Behavior\ReadHtmlCacheBehavior [ RunTime:0.005000s ]
INFO: [ app_begin ] --END-- [ RunTime:0.010000s ]
NOTIC: [2] Missing argument 1 for tool(), called in D:\phpStudy\WWW\ksqc\Application\Home\Controller\IndexController.class.php on line 14 and defined D:\phpStudy\WWW\ksqc\Application\Common\Common\function.php 第 155 行.
SQL: SHOW COLUMNS FROM `nb_user` [ RunTime:0.0070s ]
SQL: SELECT * FROM `nb_user` WHERE `id` = 3 LIMIT 1   [ RunTime:0.0010s ]
SQL: SHOW COLUMNS FROM `nb_store` [ RunTime:0.0090s ]
SQL: SELECT * FROM `nb_store` WHERE `uid` = 3 LIMIT 1   [ RunTime:0.0020s ]
SQL: SHOW COLUMNS FROM `nb_baoxiang` [ RunTime:0.0080s ]
SQL: SELECT * FROM `nb_user` WHERE `parent_id` = 3  [ RunTime:0.0020s ]
SQL: SHOW COLUMNS FROM `nb_miner_log` [ RunTime:0.0110s ]
SQL: SELECT * FROM `nb_miner_log` WHERE `uid` = 3  [ RunTime:0.0030s ]
SQL: SHOW COLUMNS FROM `nb_money_log` [ RunTime:0.0080s ]
SQL: SELECT * FROM `nb_money_log` WHERE `uid` = 3  [ RunTime:0.0020s ]
SQL: SHOW COLUMNS FROM `nb_diamonds_log` [ RunTime:0.0080s ]
SQL: SELECT * FROM `nb_diamonds_log` WHERE `uid` = 3  [ RunTime:0.0020s ]
SQL: SHOW COLUMNS FROM `nb_tools` [ RunTime:0.0070s ]
SQL: SELECT * FROM `nb_tools` WHERE `uid` = 3  [ RunTime:0.0030s ]
SQL: SHOW COLUMNS FROM `nb_miner_money_log` [ RunTime:0.0070s ]
SQL: SELECT * FROM `nb_miner_money_log` WHERE `uid` = 3  [ RunTime:0.0020s ]
SQL: SHOW COLUMNS FROM `nb_money_miner_log` [ RunTime:0.0110s ]
SQL: SELECT * FROM `nb_money_miner_log` WHERE `uid` = 3  [ RunTime:0.0020s ]
SQL: SELECT COUNT(*) AS tp_count FROM `nb_baoxiang` WHERE `uid` = 3 AND `status` = 0 LIMIT 1   [ RunTime:0.0020s ]
SQL: SELECT * FROM `nb_baoxiang` WHERE `uid` = 3 AND `status` = 1  [ RunTime:0.0020s ]
SQL: SHOW COLUMNS FROM `nb_coal_layer` [ RunTime:0.0090s ]
SQL: SELECT COUNT(*) AS tp_count FROM `nb_coal_layer` WHERE `uid` = 3 AND `is_open` = 1 LIMIT 1   [ RunTime:0.0030s ]
SQL: SELECT * FROM `nb_tools` WHERE `uid` = 3 AND `area` = 'coal_layer' AND `layer_id` = 1 AND `is_get` = 0 ORDER BY `is_default` desc,`end_time` asc  [ RunTime:0.0020s ]
SQL: SELECT * FROM `nb_tools` WHERE `uid` = 3 AND `area` = 'coal_layer' AND `layer_id` = 2 AND `is_get` = 0 ORDER BY `is_default` desc,`end_time` asc  [ RunTime:0.0020s ]
SQL: SELECT * FROM `nb_tools` WHERE `uid` = 3 AND `area` = 'coal_layer' AND `layer_id` = 3 AND `is_get` = 0 ORDER BY `is_default` desc,`end_time` asc  [ RunTime:0.0020s ]
SQL: SELECT * FROM `nb_tools` WHERE `uid` = 3 AND `area` = 'coal_layer' AND `layer_id` = 4 AND `is_get` = 0 ORDER BY `is_default` desc,`end_time` asc  [ RunTime:0.0030s ]
SQL: SELECT * FROM `nb_tools` WHERE `uid` = 3 AND `area` = 'coal_layer' AND `layer_id` = 5 AND `is_get` = 0 ORDER BY `is_default` desc,`end_time` asc  [ RunTime:0.0030s ]
SQL: SELECT * FROM `nb_tools` WHERE `uid` = 3 AND `area` = 'coal_layer' AND `layer_id` = 6 AND `is_get` = 0 ORDER BY `is_default` desc,`end_time` asc  [ RunTime:0.0020s ]
SQL: SELECT * FROM `nb_tools` WHERE `uid` = 3 AND `area` = 'coal_layer' AND `layer_id` = 7 AND `is_get` = 0 ORDER BY `is_default` desc,`end_time` asc  [ RunTime:0.0020s ]
SQL: SELECT * FROM `nb_tools` WHERE `uid` = 3 AND `area` = 'coal_layer' AND `layer_id` = 8 AND `is_get` = 0 ORDER BY `is_default` desc,`end_time` asc  [ RunTime:0.0020s ]
SQL: SELECT * FROM `nb_tools` WHERE `uid` = 3 AND `area` = 'coal_layer' AND `layer_id` = 9 AND `is_get` = 0 ORDER BY `is_default` desc,`end_time` asc  [ RunTime:0.0020s ]
SQL: SELECT * FROM `nb_tools` WHERE `uid` = 3 AND `area` = 'coal_layer' AND `layer_id` = 10 AND `is_get` = 0 ORDER BY `is_default` desc,`end_time` asc  [ RunTime:0.0020s ]
SQL: SELECT * FROM `nb_tools` WHERE `uid` = 3 AND `area` = 'coal_layer' AND `layer_id` = 11 AND `is_get` = 0 ORDER BY `is_default` desc,`end_time` asc  [ RunTime:0.0020s ]
SQL: SELECT * FROM `nb_tools` WHERE `uid` = 3 AND `area` = 'coal_layer' AND `layer_id` = 12 AND `is_get` = 0 ORDER BY `is_default` desc,`end_time` asc  [ RunTime:0.0020s ]
SQL: SELECT user.mobile,store.today_get_miner_gold FROM nb_user user INNER JOIN nb_store as store ON user.id = store.uid  WHERE ( user.mobile <> "" ) ORDER BY store.today_get_miner_gold desc LIMIT 20   [ RunTime:0.0030s ]
SQL: SELECT COUNT(*) AS tp_count FROM nb_user user INNER JOIN nb_store as store ON user.id = store.uid  WHERE user.mobile <> '' AND store.today_get_miner_gold > '90505' ORDER BY store.today_get_miner_gold desc LIMIT 1   [ RunTime:0.0020s ]
SQL: SELECT * FROM `nb_user` WHERE `id` >= '3'  [ RunTime:0.0020s ]
NOTIC: [2] Invalid argument supplied for foreach() D:\phpStudy\WWW\ksqc\Application\Home\Controller\IndexController.class.php 第 128 行.
NOTIC: [2] Invalid argument supplied for foreach() D:\phpStudy\WWW\ksqc\Application\Home\Controller\IndexController.class.php 第 128 行.
NOTIC: [2] Invalid argument supplied for foreach() D:\phpStudy\WWW\ksqc\Application\Home\Controller\IndexController.class.php 第 128 行.
NOTIC: [2] Invalid argument supplied for foreach() D:\phpStudy\WWW\ksqc\Application\Home\Controller\IndexController.class.php 第 128 行.
NOTIC: [2] Invalid argument supplied for foreach() D:\phpStudy\WWW\ksqc\Application\Home\Controller\IndexController.class.php 第 128 行.
NOTIC: [2] Invalid argument supplied for foreach() D:\phpStudy\WWW\ksqc\Application\Home\Controller\IndexController.class.php 第 128 行.
NOTIC: [2] Invalid argument supplied for foreach() D:\phpStudy\WWW\ksqc\Application\Home\Controller\IndexController.class.php 第 128 行.
NOTIC: [2] Invalid argument supplied for foreach() D:\phpStudy\WWW\ksqc\Application\Home\Controller\IndexController.class.php 第 128 行.
NOTIC: [2] Invalid argument supplied for foreach() D:\phpStudy\WWW\ksqc\Application\Home\Controller\IndexController.class.php 第 128 行.
NOTIC: [2] Invalid argument supplied for foreach() D:\phpStudy\WWW\ksqc\Application\Home\Controller\IndexController.class.php 第 128 行.
NOTIC: [2] Invalid argument supplied for foreach() D:\phpStudy\WWW\ksqc\Application\Home\Controller\IndexController.class.php 第 128 行.
NOTIC: [2] Invalid argument supplied for foreach() D:\phpStudy\WWW\ksqc\Application\Home\Controller\IndexController.class.php 第 128 行.
NOTIC: [2] Invalid argument supplied for foreach() D:\phpStudy\WWW\ksqc\Application\Home\Controller\IndexController.class.php 第 128 行.
NOTIC: [2] Invalid argument supplied for foreach() D:\phpStudy\WWW\ksqc\Application\Home\Controller\IndexController.class.php 第 128 行.
NOTIC: [2] Invalid argument supplied for foreach() D:\phpStudy\WWW\ksqc\Application\Home\Controller\IndexController.class.php 第 128 行.
NOTIC: [2] Invalid argument supplied for foreach() D:\phpStudy\WWW\ksqc\Application\Home\Controller\IndexController.class.php 第 128 行.
NOTIC: [2] Invalid argument supplied for foreach() D:\phpStudy\WWW\ksqc\Application\Home\Controller\IndexController.class.php 第 128 行.
NOTIC: [2] Invalid argument supplied for foreach() D:\phpStudy\WWW\ksqc\Application\Home\Controller\IndexController.class.php 第 128 行.
NOTIC: [2] Invalid argument supplied for foreach() D:\phpStudy\WWW\ksqc\Application\Home\Controller\IndexController.class.php 第 128 行.
NOTIC: [2] Invalid argument supplied for foreach() D:\phpStudy\WWW\ksqc\Application\Home\Controller\IndexController.class.php 第 128 行.
NOTIC: [2] Invalid argument supplied for foreach() D:\phpStudy\WWW\ksqc\Application\Home\Controller\IndexController.class.php 第 128 行.
NOTIC: [2] Invalid argument supplied for foreach() D:\phpStudy\WWW\ksqc\Application\Home\Controller\IndexController.class.php 第 128 行.
NOTIC: [2] Invalid argument supplied for foreach() D:\phpStudy\WWW\ksqc\Application\Home\Controller\IndexController.class.php 第 128 行.
NOTIC: [2] Invalid argument supplied for foreach() D:\phpStudy\WWW\ksqc\Application\Home\Controller\IndexController.class.php 第 128 行.
NOTIC: [2] Invalid argument supplied for foreach() D:\phpStudy\WWW\ksqc\Application\Home\Controller\IndexController.class.php 第 128 行.
NOTIC: [2] Invalid argument supplied for foreach() D:\phpStudy\WWW\ksqc\Application\Home\Controller\IndexController.class.php 第 128 行.
INFO: [ view_parse ] --START--
INFO: [ template_filter ] --START--
INFO: Run Behavior\ContentReplaceBehavior [ RunTime:0.006000s ]
INFO: [ template_filter ] --END-- [ RunTime:0.013001s ]
INFO: Run Behavior\ParseTemplateBehavior [ RunTime:1.618093s ]
INFO: [ view_parse ] --END-- [ RunTime:1.624093s ]
INFO: [ view_filter ] --START--
INFO: Run Behavior\WriteHtmlCacheBehavior [ RunTime:0.004000s ]
INFO: [ view_filter ] --END-- [ RunTime:0.010000s ]
INFO: [ app_end ] --START--
INFO: Run Behavior\ShowPageTraceBehavior [ RunTime:0.007001s ]
INFO: [ app_end ] --END-- [ RunTime:0.017001s ]

[ 2018-01-13T11:10:29+08:00 ] ::1 /ksqc/index.php/Home/Index/farm.html
INFO: [ app_init ] --START--
INFO: Run Behavior\BuildLiteBehavior [ RunTime:0.001001s ]
INFO: [ app_init ] --END-- [ RunTime:0.008001s ]
INFO: [ app_begin ] --START--
INFO: Run Behavior\ReadHtmlCacheBehavior [ RunTime:0.005000s ]
INFO: [ app_begin ] --END-- [ RunTime:0.015001s ]
NOTIC: [2] Missing argument 1 for tool(), called in D:\phpStudy\WWW\ksqc\Application\Home\Controller\IndexController.class.php on line 14 and defined D:\phpStudy\WWW\ksqc\Application\Common\Common\function.php 第 155 行.
SQL: SHOW COLUMNS FROM `nb_user` [ RunTime:0.0080s ]
SQL: SELECT * FROM `nb_user` WHERE `id` = 3 LIMIT 1   [ RunTime:0.0020s ]
SQL: SHOW COLUMNS FROM `nb_store` [ RunTime:0.0070s ]
SQL: SELECT * FROM `nb_store` WHERE `uid` = 3 LIMIT 1   [ RunTime:0.0020s ]
SQL: SHOW COLUMNS FROM `nb_baoxiang` [ RunTime:0.0090s ]
SQL: SELECT * FROM `nb_user` WHERE `parent_id` = 3  [ RunTime:0.0030s ]
SQL: SHOW COLUMNS FROM `nb_miner_log` [ RunTime:0.0060s ]
SQL: SELECT * FROM `nb_miner_log` WHERE `uid` = 3  [ RunTime:0.0020s ]
SQL: SHOW COLUMNS FROM `nb_money_log` [ RunTime:0.0090s ]
SQL: SELECT * FROM `nb_money_log` WHERE `uid` = 3  [ RunTime:0.0020s ]
SQL: SHOW COLUMNS FROM `nb_diamonds_log` [ RunTime:0.0070s ]
SQL: SELECT * FROM `nb_diamonds_log` WHERE `uid` = 3  [ RunTime:0.0020s ]
SQL: SHOW COLUMNS FROM `nb_tools` [ RunTime:0.0090s ]
SQL: SELECT * FROM `nb_tools` WHERE `uid` = 3  [ RunTime:0.0030s ]
SQL: SHOW COLUMNS FROM `nb_miner_money_log` [ RunTime:0.0070s ]
SQL: SELECT * FROM `nb_miner_money_log` WHERE `uid` = 3  [ RunTime:0.0030s ]
SQL: SHOW COLUMNS FROM `nb_money_miner_log` [ RunTime:0.0070s ]
SQL: SELECT * FROM `nb_money_miner_log` WHERE `uid` = 3  [ RunTime:0.0020s ]
SQL: SELECT COUNT(*) AS tp_count FROM `nb_baoxiang` WHERE `uid` = 3 AND `status` = 0 LIMIT 1   [ RunTime:0.0030s ]
SQL: SELECT * FROM `nb_baoxiang` WHERE `uid` = 3 AND `status` = 1  [ RunTime:0.0010s ]
SQL: SHOW COLUMNS FROM `nb_coal_layer` [ RunTime:0.0090s ]
SQL: SELECT COUNT(*) AS tp_count FROM `nb_coal_layer` WHERE `uid` = 3 AND `is_open` = 1 LIMIT 1   [ RunTime:0.0020s ]
SQL: SELECT * FROM `nb_tools` WHERE `uid` = 3 AND `area` = 'coal_layer' AND `layer_id` = 1 AND `is_get` = 0 ORDER BY `is_default` desc,`end_time` asc  [ RunTime:0.0020s ]
SQL: SELECT * FROM `nb_tools` WHERE `uid` = 3 AND `area` = 'coal_layer' AND `layer_id` = 2 AND `is_get` = 0 ORDER BY `is_default` desc,`end_time` asc  [ RunTime:0.0020s ]
SQL: SELECT * FROM `nb_tools` WHERE `uid` = 3 AND `area` = 'coal_layer' AND `layer_id` = 3 AND `is_get` = 0 ORDER BY `is_default` desc,`end_time` asc  [ RunTime:0.0020s ]
SQL: SELECT * FROM `nb_tools` WHERE `uid` = 3 AND `area` = 'coal_layer' AND `layer_id` = 4 AND `is_get` = 0 ORDER BY `is_default` desc,`end_time` asc  [ RunTime:0.0020s ]
SQL: SELECT * FROM `nb_tools` WHERE `uid` = 3 AND `area` = 'coal_layer' AND `layer_id` = 5 AND `is_get` = 0 ORDER BY `is_default` desc,`end_time` asc  [ RunTime:0.0010s ]
SQL: SELECT * FROM `nb_tools` WHERE `uid` = 3 AND `area` = 'coal_layer' AND `layer_id` = 6 AND `is_get` = 0 ORDER BY `is_default` desc,`end_time` asc  [ RunTime:0.0020s ]
SQL: SELECT * FROM `nb_tools` WHERE `uid` = 3 AND `area` = 'coal_layer' AND `layer_id` = 7 AND `is_get` = 0 ORDER BY `is_default` desc,`end_time` asc  [ RunTime:0.0020s ]
SQL: SELECT * FROM `nb_tools` WHERE `uid` = 3 AND `area` = 'coal_layer' AND `layer_id` = 8 AND `is_get` = 0 ORDER BY `is_default` desc,`end_time` asc  [ RunTime:0.0020s ]
SQL: SELECT * FROM `nb_tools` WHERE `uid` = 3 AND `area` = 'coal_layer' AND `layer_id` = 9 AND `is_get` = 0 ORDER BY `is_default` desc,`end_time` asc  [ RunTime:0.0030s ]
SQL: SELECT * FROM `nb_tools` WHERE `uid` = 3 AND `area` = 'coal_layer' AND `layer_id` = 10 AND `is_get` = 0 ORDER BY `is_default` desc,`end_time` asc  [ RunTime:0.0020s ]
SQL: SELECT * FROM `nb_tools` WHERE `uid` = 3 AND `area` = 'coal_layer' AND `layer_id` = 11 AND `is_get` = 0 ORDER BY `is_default` desc,`end_time` asc  [ RunTime:0.0020s ]
SQL: SELECT * FROM `nb_tools` WHERE `uid` = 3 AND `area` = 'coal_layer' AND `layer_id` = 12 AND `is_get` = 0 ORDER BY `is_default` desc,`end_time` asc  [ RunTime:0.0020s ]
SQL: SELECT user.mobile,store.today_get_miner_gold FROM nb_user user INNER JOIN nb_store as store ON user.id = store.uid  WHERE ( user.mobile <> "" ) ORDER BY store.today_get_miner_gold desc LIMIT 20   [ RunTime:0.0020s ]
SQL: SELECT COUNT(*) AS tp_count FROM nb_user user INNER JOIN nb_store as store ON user.id = store.uid  WHERE user.mobile <> '' AND store.today_get_miner_gold > '90505' ORDER BY store.today_get_miner_gold desc LIMIT 1   [ RunTime:0.0020s ]
SQL: SELECT * FROM `nb_user` WHERE `id` >= '3'  [ RunTime:0.0030s ]
NOTIC: [2] Invalid argument supplied for foreach() D:\phpStudy\WWW\ksqc\Application\Home\Controller\IndexController.class.php 第 128 行.
NOTIC: [2] Invalid argument supplied for foreach() D:\phpStudy\WWW\ksqc\Application\Home\Controller\IndexController.class.php 第 128 行.
NOTIC: [2] Invalid argument supplied for foreach() D:\phpStudy\WWW\ksqc\Application\Home\Controller\IndexController.class.php 第 128 行.
NOTIC: [2] Invalid argument supplied for foreach() D:\phpStudy\WWW\ksqc\Application\Home\Controller\IndexController.class.php 第 128 行.
NOTIC: [2] Invalid argument supplied for foreach() D:\phpStudy\WWW\ksqc\Application\Home\Controller\IndexController.class.php 第 128 行.
NOTIC: [2] Invalid argument supplied for foreach() D:\phpStudy\WWW\ksqc\Application\Home\Controller\IndexController.class.php 第 128 行.
NOTIC: [2] Invalid argument supplied for foreach() D:\phpStudy\WWW\ksqc\Application\Home\Controller\IndexController.class.php 第 128 行.
NOTIC: [2] Invalid argument supplied for foreach() D:\phpStudy\WWW\ksqc\Application\Home\Controller\IndexController.class.php 第 128 行.
NOTIC: [2] Invalid argument supplied for foreach() D:\phpStudy\WWW\ksqc\Application\Home\Controller\IndexController.class.php 第 128 行.
NOTIC: [2] Invalid argument supplied for foreach() D:\phpStudy\WWW\ksqc\Application\Home\Controller\IndexController.class.php 第 128 行.
NOTIC: [2] Invalid argument supplied for foreach() D:\phpStudy\WWW\ksqc\Application\Home\Controller\IndexController.class.php 第 128 行.
NOTIC: [2] Invalid argument supplied for foreach() D:\phpStudy\WWW\ksqc\Application\Home\Controller\IndexController.class.php 第 128 行.
NOTIC: [2] Invalid argument supplied for foreach() D:\phpStudy\WWW\ksqc\Application\Home\Controller\IndexController.class.php 第 128 行.
NOTIC: [2] Invalid argument supplied for foreach() D:\phpStudy\WWW\ksqc\Application\Home\Controller\IndexController.class.php 第 128 行.
NOTIC: [2] Invalid argument supplied for foreach() D:\phpStudy\WWW\ksqc\Application\Home\Controller\IndexController.class.php 第 128 行.
NOTIC: [2] Invalid argument supplied for foreach() D:\phpStudy\WWW\ksqc\Application\Home\Controller\IndexController.class.php 第 128 行.
NOTIC: [2] Invalid argument supplied for foreach() D:\phpStudy\WWW\ksqc\Application\Home\Controller\IndexController.class.php 第 128 行.
NOTIC: [2] Invalid argument supplied for foreach() D:\phpStudy\WWW\ksqc\Application\Home\Controller\IndexController.class.php 第 128 行.
NOTIC: [2] Invalid argument supplied for foreach() D:\phpStudy\WWW\ksqc\Application\Home\Controller\IndexController.class.php 第 128 行.
NOTIC: [2] Invalid argument supplied for foreach() D:\phpStudy\WWW\ksqc\Application\Home\Controller\IndexController.class.php 第 128 行.
NOTIC: [2] Invalid argument supplied for foreach() D:\phpStudy\WWW\ksqc\Application\Home\Controller\IndexController.class.php 第 128 行.
NOTIC: [2] Invalid argument supplied for foreach() D:\phpStudy\WWW\ksqc\Application\Home\Controller\IndexController.class.php 第 128 行.
NOTIC: [2] Invalid argument supplied for foreach() D:\phpStudy\WWW\ksqc\Application\Home\Controller\IndexController.class.php 第 128 行.
NOTIC: [2] Invalid argument supplied for foreach() D:\phpStudy\WWW\ksqc\Application\Home\Controller\IndexController.class.php 第 128 行.
NOTIC: [2] Invalid argument supplied for foreach() D:\phpStudy\WWW\ksqc\Application\Home\Controller\IndexController.class.php 第 128 行.
NOTIC: [2] Invalid argument supplied for foreach() D:\phpStudy\WWW\ksqc\Application\Home\Controller\IndexController.class.php 第 128 行.
INFO: [ view_parse ] --START--
INFO: [ template_filter ] --START--
INFO: Run Behavior\ContentReplaceBehavior [ RunTime:0.005001s ]
INFO: [ template_filter ] --END-- [ RunTime:0.013001s ]
INFO: Run Behavior\ParseTemplateBehavior [ RunTime:1.684097s ]
INFO: [ view_parse ] --END-- [ RunTime:1.690097s ]
INFO: [ view_filter ] --START--
INFO: Run Behavior\WriteHtmlCacheBehavior [ RunTime:0.004001s ]
INFO: [ view_filter ] --END-- [ RunTime:0.010001s ]
INFO: [ app_end ] --START--
INFO: Run Behavior\ShowPageTraceBehavior [ RunTime:0.006000s ]
INFO: [ app_end ] --END-- [ RunTime:0.013001s ]

