[ 2017-12-18T09:27:51+08:00 ] 192.168.1.120 /ksqc/index.php/Home/Login/favicon.ico
INFO: [ app_init ] --START--
INFO: Run Behavior\BuildLiteBehavior [ RunTime:0.000000s ]
INFO: [ app_init ] --END-- [ RunTime:0.001000s ]

[ 2017-12-18T13:07:40+08:00 ] 192.168.1.120 /ksqc/Public/fuguiji/images/farm/catchShop_shop
INFO: [ app_init ] --START--
INFO: Run Behavior\BuildLiteBehavior [ RunTime:0.000000s ]
INFO: [ app_init ] --END-- [ RunTime:0.000000s ]
ERR: 无法加载模块:Public

[ 2017-12-18T13:07:43+08:00 ] 192.168.1.120 /ksqc/Public/fuguiji/images/farm/catchShop_shop
INFO: [ app_init ] --START--
INFO: Run Behavior\BuildLiteBehavior [ RunTime:0.000000s ]
INFO: [ app_init ] --END-- [ RunTime:0.001000s ]
ERR: 无法加载模块:Public

[ 2017-12-18T13:08:03+08:00 ] 192.168.1.120 /ksqc/Public/fuguiji/images/farm/catchShop_shop
INFO: [ app_init ] --START--
INFO: Run Behavior\BuildLiteBehavior [ RunTime:0.000000s ]
INFO: [ app_init ] --END-- [ RunTime:0.000000s ]
ERR: 无法加载模块:Public

[ 2017-12-18T14:27:11+08:00 ] 192.168.1.120 /ksqc/Public/images/fram/catchShopCall.png
INFO: [ app_init ] --START--
INFO: Run Behavior\BuildLiteBehavior [ RunTime:0.000000s ]
INFO: [ app_init ] --END-- [ RunTime:0.000000s ]

[ 2017-12-18T14:27:28+08:00 ] 192.168.1.120 /ksqc/Public/images/farm/catchShopCall.png
INFO: [ app_init ] --START--
INFO: Run Behavior\BuildLiteBehavior [ RunTime:0.000000s ]
INFO: [ app_init ] --END-- [ RunTime:0.000000s ]

