[ 2017-12-19T09:45:38+08:00 ] ::1 /ksqc/favicon.ico
INFO: [ app_init ] --START--
INFO: Run Behavior\BuildLiteBehavior [ RunTime:0.000000s ]
INFO: [ app_init ] --END-- [ RunTime:0.000000s ]

[ 2017-12-19T09:48:28+08:00 ] 127.0.0.1 /ksqc/index.php/Home/Login/favicon.ico
INFO: [ app_init ] --START--
INFO: Run Behavior\BuildLiteBehavior [ RunTime:0.000000s ]
INFO: [ app_init ] --END-- [ RunTime:0.001000s ]
[ 2017-12-19T09:24:05+08:00 ] 192.168.1.120 /ksqc/index.php/Home/Login/favicon.ico
INFO: [ app_init ] --START--
INFO: Run Behavior\BuildLiteBehavior [ RunTime:0.000000s ]
INFO: [ app_init ] --END-- [ RunTime:0.001000s ]

[ 2017-12-19T12:56:25+08:00 ] 192.168.1.120 /ksqc/Public/fuguiji/image/farm/usercenter_1
INFO: [ app_init ] --START--
INFO: Run Behavior\BuildLiteBehavior [ RunTime:0.000000s ]
INFO: [ app_init ] --END-- [ RunTime:0.001000s ]
ERR: 无法加载模块:Public

[ 2017-12-19T12:56:25+08:00 ] 192.168.1.120 /ksqc/Public/fuguiji/image/farm/usercenter_4
INFO: [ app_init ] --START--
INFO: Run Behavior\BuildLiteBehavior [ RunTime:0.000000s ]
INFO: [ app_init ] --END-- [ RunTime:0.001000s ]
ERR: 无法加载模块:Public

[ 2017-12-19T12:56:25+08:00 ] 192.168.1.120 /ksqc/Public/fuguiji/image/farm/usercenter_2
INFO: [ app_init ] --START--
INFO: Run Behavior\BuildLiteBehavior [ RunTime:0.000000s ]
INFO: [ app_init ] --END-- [ RunTime:0.000000s ]
ERR: 无法加载模块:Public

[ 2017-12-19T12:56:25+08:00 ] 192.168.1.120 /ksqc/Public/fuguiji/image/farm/usercenter_5
INFO: [ app_init ] --START--
INFO: Run Behavior\BuildLiteBehavior [ RunTime:0.000000s ]
INFO: [ app_init ] --END-- [ RunTime:0.003000s ]
ERR: 无法加载模块:Public

[ 2017-12-19T12:56:25+08:00 ] 192.168.1.120 /ksqc/Public/fuguiji/image/farm/usercenter_3
INFO: [ app_init ] --START--
INFO: Run Behavior\BuildLiteBehavior [ RunTime:0.000000s ]
INFO: [ app_init ] --END-- [ RunTime:0.000000s ]
ERR: 无法加载模块:Public

[ 2017-12-19T12:56:54+08:00 ] 192.168.1.120 /ksqc/Public/fuguiji/images/farm/usercenter_1
INFO: [ app_init ] --START--
INFO: Run Behavior\BuildLiteBehavior [ RunTime:0.000000s ]
INFO: [ app_init ] --END-- [ RunTime:0.000000s ]
ERR: 无法加载模块:Public

[ 2017-12-19T12:56:54+08:00 ] 192.168.1.120 /ksqc/Public/fuguiji/images/farm/usercenter_2
INFO: [ app_init ] --START--
INFO: Run Behavior\BuildLiteBehavior [ RunTime:0.000000s ]
INFO: [ app_init ] --END-- [ RunTime:0.000000s ]
ERR: 无法加载模块:Public

[ 2017-12-19T12:56:54+08:00 ] 192.168.1.120 /ksqc/Public/fuguiji/images/farm/usercenter_3
INFO: [ app_init ] --START--
INFO: Run Behavior\BuildLiteBehavior [ RunTime:0.000000s ]
INFO: [ app_init ] --END-- [ RunTime:0.000000s ]
ERR: 无法加载模块:Public

[ 2017-12-19T12:56:54+08:00 ] 192.168.1.120 /ksqc/Public/fuguiji/images/farm/usercenter_4
INFO: [ app_init ] --START--
INFO: Run Behavior\BuildLiteBehavior [ RunTime:0.000000s ]
INFO: [ app_init ] --END-- [ RunTime:0.001000s ]
ERR: 无法加载模块:Public

[ 2017-12-19T12:56:54+08:00 ] 192.168.1.120 /ksqc/Public/fuguiji/images/farm/usercenter_5
INFO: [ app_init ] --START--
INFO: Run Behavior\BuildLiteBehavior [ RunTime:0.000000s ]
INFO: [ app_init ] --END-- [ RunTime:0.000000s ]
ERR: 无法加载模块:Public

[ 2017-12-19T12:57:54+08:00 ] 192.168.1.120 /ksqc/Public/fuguiji/images/farm/usercenter_1
INFO: [ app_init ] --START--
INFO: Run Behavior\BuildLiteBehavior [ RunTime:0.000000s ]
INFO: [ app_init ] --END-- [ RunTime:0.001000s ]
ERR: 无法加载模块:Public

[ 2017-12-19T12:57:54+08:00 ] 192.168.1.120 /ksqc/Public/fuguiji/images/farm/usercenter_5
INFO: [ app_init ] --START--
INFO: Run Behavior\BuildLiteBehavior [ RunTime:0.000000s ]
INFO: [ app_init ] --END-- [ RunTime:0.001000s ]
ERR: 无法加载模块:Public

[ 2017-12-19T12:57:54+08:00 ] 192.168.1.120 /ksqc/Public/fuguiji/images/farm/usercenter_3
INFO: [ app_init ] --START--
INFO: Run Behavior\BuildLiteBehavior [ RunTime:0.000000s ]
INFO: [ app_init ] --END-- [ RunTime:0.000000s ]
ERR: 无法加载模块:Public

[ 2017-12-19T12:57:54+08:00 ] 192.168.1.120 /ksqc/Public/fuguiji/images/farm/usercenter_2
INFO: [ app_init ] --START--
INFO: Run Behavior\BuildLiteBehavior [ RunTime:0.000000s ]
INFO: [ app_init ] --END-- [ RunTime:0.002000s ]
ERR: 无法加载模块:Public

[ 2017-12-19T12:57:54+08:00 ] 192.168.1.120 /ksqc/Public/fuguiji/images/farm/usercenter_4
INFO: [ app_init ] --START--
INFO: Run Behavior\BuildLiteBehavior [ RunTime:0.000000s ]
INFO: [ app_init ] --END-- [ RunTime:0.001001s ]
ERR: 无法加载模块:Public

[ 2017-12-19T12:57:55+08:00 ] 192.168.1.120 /ksqc/Public/fuguiji/images/farm/usercenter_1
INFO: [ app_init ] --START--
INFO: Run Behavior\BuildLiteBehavior [ RunTime:0.000000s ]
INFO: [ app_init ] --END-- [ RunTime:0.001000s ]
ERR: 无法加载模块:Public

[ 2017-12-19T12:57:55+08:00 ] 192.168.1.120 /ksqc/Public/fuguiji/images/farm/usercenter_2
INFO: [ app_init ] --START--
INFO: Run Behavior\BuildLiteBehavior [ RunTime:0.000000s ]
INFO: [ app_init ] --END-- [ RunTime:0.001000s ]
ERR: 无法加载模块:Public

[ 2017-12-19T12:57:55+08:00 ] 192.168.1.120 /ksqc/Public/fuguiji/images/farm/usercenter_3
INFO: [ app_init ] --START--
INFO: Run Behavior\BuildLiteBehavior [ RunTime:0.000000s ]
INFO: [ app_init ] --END-- [ RunTime:0.001000s ]
ERR: 无法加载模块:Public

[ 2017-12-19T12:57:55+08:00 ] 192.168.1.120 /ksqc/Public/fuguiji/images/farm/usercenter_4
INFO: [ app_init ] --START--
INFO: Run Behavior\BuildLiteBehavior [ RunTime:0.000000s ]
INFO: [ app_init ] --END-- [ RunTime:0.001000s ]
ERR: 无法加载模块:Public

[ 2017-12-19T12:57:56+08:00 ] 192.168.1.120 /ksqc/Public/fuguiji/images/farm/usercenter_1
INFO: [ app_init ] --START--
INFO: Run Behavior\BuildLiteBehavior [ RunTime:0.000000s ]
INFO: [ app_init ] --END-- [ RunTime:0.001000s ]
ERR: 无法加载模块:Public

[ 2017-12-19T12:57:56+08:00 ] 192.168.1.120 /ksqc/Public/fuguiji/images/farm/usercenter_4
INFO: [ app_init ] --START--
INFO: Run Behavior\BuildLiteBehavior [ RunTime:0.000000s ]
INFO: [ app_init ] --END-- [ RunTime:0.001001s ]
ERR: 无法加载模块:Public

[ 2017-12-19T12:57:56+08:00 ] 192.168.1.120 /ksqc/Public/fuguiji/images/farm/usercenter_3
INFO: [ app_init ] --START--
INFO: Run Behavior\BuildLiteBehavior [ RunTime:0.000000s ]
INFO: [ app_init ] --END-- [ RunTime:0.001000s ]
ERR: 无法加载模块:Public

[ 2017-12-19T12:57:56+08:00 ] 192.168.1.120 /ksqc/Public/fuguiji/images/farm/usercenter_2
INFO: [ app_init ] --START--
INFO: Run Behavior\BuildLiteBehavior [ RunTime:0.000000s ]
INFO: [ app_init ] --END-- [ RunTime:0.001000s ]
ERR: 无法加载模块:Public

[ 2017-12-19T12:57:56+08:00 ] 192.168.1.120 /ksqc/Public/fuguiji/images/farm/usercenter_5
INFO: [ app_init ] --START--
INFO: Run Behavior\BuildLiteBehavior [ RunTime:0.000000s ]
INFO: [ app_init ] --END-- [ RunTime:0.001000s ]
ERR: 无法加载模块:Public

[ 2017-12-19T17:23:56+08:00 ] 192.168.1.120 /ksqc/Public/fuguiji/images/fram/map_5.png
INFO: [ app_init ] --START--
INFO: Run Behavior\BuildLiteBehavior [ RunTime:0.000000s ]
INFO: [ app_init ] --END-- [ RunTime:0.000000s ]

